<?xml version="1.0" encoding="windows-1252" standalone="no"?>
<!DOCTYPE log SYSTEM "logger.dtd">
<log>
<record>
  <date>2016-02-23T11:01:32</date>
  <millis>1456221692494</millis>
  <sequence>5725</sequence>
  <logger>se.sics.tac.aw.DummyAgent</logger>
  <level>FINE</level>
  <class>se.sics.tac.aw.Pascal</class>
  <method>quoteUpdated</method>
  <thread>11</thread>
  <message>All quotes for entertainment has been updated</message>
</record>
<record>
  <date>2016-02-23T11:01:32</date>
  <millis>1456221692494</millis>
  <sequence>5726</sequence>
  <logger>se.sics.tac.aw.TACMessage</logger>
  <level>FINEST</level>
  <class>se.sics.tac.aw.TACMessage</class>
  <method>setReceivedMessage</method>
  <thread>11</thread>
  <message>requesting quotes for auction 0 (Inflight 1)</message>
</record>
<record>
  <date>2016-02-23T11:01:32</date>
  <millis>1456221692507</millis>
  <sequence>5727</sequence>
  <logger>se.sics.tac.aw.TACMessage</logger>
  <level>FINEST</level>
  <class>se.sics.tac.aw.TACMessage</class>
  <method>setReceivedMessage</method>
  <thread>11</thread>
  <message>XML out: '&lt;getQuote&gt;&lt;auctionID&gt;169&lt;/auctionID&gt;&lt;/getQuote&gt;'</message>
</record>
<record>
  <date>2016-02-23T11:01:32</date>
  <millis>1456221692507</millis>
  <sequence>5728</sequence>
  <logger>se.sics.tac.aw.TACMessage</logger>
  <level>FINEST</level>
  <class>se.sics.tac.aw.TACMessage</class>
  <method>setReceivedMessage</method>
  <thread>11</thread>
  <message>XML in: '&lt;?xml version="1.0"?&gt;&lt;getQuote&gt;&lt;lastAskPrice&gt;585.0000&lt;/lastAskPrice&gt;&lt;lastBidPrice&gt;-1.0000&lt;/lastBidPrice&gt;&lt;lastQuoteTime&gt;1456221664&lt;/lastQuoteTime&gt;&lt;nextQuoteTime&gt;1456221694&lt;/nextQuoteTime&gt;&lt;finalClearTime&gt;1456221720&lt;/finalClearTime&gt;&lt;nextClearTime&gt;-1&lt;/nextClearTime&gt;&lt;lastClearPrice&gt;568.0000&lt;/lastClearPrice&gt;&lt;lastClearTime&gt;1456221662&lt;/lastClearTime&gt;&lt;auctionStatus&gt;1&lt;/auctionStatus&gt;&lt;commandStatus&gt;0&lt;/commandStatus&gt;&lt;/getQuote&gt;' responseTime: 31 avg: 13.0 count: 1674</message>
</record>
<record>
  <date>2016-02-23T11:01:32</date>
  <millis>1456221692507</millis>
  <sequence>5729</sequence>
  <logger>se.sics.tac.aw.DummyAgent</logger>
  <level>WARNING</level>
  <class>se.sics.tac.aw.Pascal</class>
  <method>bidRejected</method>
  <thread>11</thread>
  <message>Bid Rejected: -1</message>
</record>
<record>
  <date>2016-02-23T11:01:32</date>
  <millis>1456221692507</millis>
  <sequence>5730</sequence>
  <logger>se.sics.tac.aw.DummyAgent</logger>
  <level>WARNING</level>
  <class>se.sics.tac.aw.Pascal</class>
  <method>bidRejected</method>
  <thread>11</thread>
  <message>      Reason: 20 (active bid changed)</message>
</record>
<record>
  <date>2016-02-23T11:01:32</date>
  <millis>1456221692507</millis>
  <sequence>5731</sequence>
  <logger>se.sics.tac.aw.TACMessage</logger>
  <level>FINEST</level>
  <class>se.sics.tac.aw.TACMessage</class>
  <method>setReceivedMessage</method>
  <thread>11</thread>
  <message>requesting quotes for auction 1 (Inflight 2)</message>
</record>
<record>
  <date>2016-02-23T11:01:32</date>
  <millis>1456221692507</millis>
  <sequence>5732</sequence>
  <logger>se.sics.tac.aw.TACMessage</logger>
  <level>FINEST</level>
  <class>se.sics.tac.aw.TACMessage</class>
  <method>setReceivedMessage</method>
  <thread>11</thread>
  <message>XML out: '&lt;getQuote&gt;&lt;auctionID&gt;170&lt;/auctionID&gt;&lt;/getQuote&gt;'</message>
</record>
<record>
  <date>2016-02-23T11:01:32</date>
  <millis>1456221692507</millis>
  <sequence>5733</sequence>
  <logger>se.sics.tac.aw.TACMessage</logger>
  <level>FINEST</level>
  <class>se.sics.tac.aw.TACMessage</class>
  <method>setReceivedMessage</method>
  <thread>11</thread>
  <message>XML in: '&lt;?xml version="1.0"?&gt;&lt;getQuote&gt;&lt;lastAskPrice&gt;458.0000&lt;/lastAskPrice&gt;&lt;lastBidPrice&gt;-1.0000&lt;/lastBidPrice&gt;&lt;lastQuoteTime&gt;1456221674&lt;/lastQuoteTime&gt;&lt;nextQuoteTime&gt;1456221699&lt;/nextQuoteTime&gt;&lt;finalClearTime&gt;1456221720&lt;/finalClearTime&gt;&lt;nextClearTime&gt;-1&lt;/nextClearTime&gt;&lt;lastClearPrice&gt;438.0000&lt;/lastClearPrice&gt;&lt;lastClearTime&gt;1456221662&lt;/lastClearTime&gt;&lt;auctionStatus&gt;1&lt;/auctionStatus&gt;&lt;commandStatus&gt;0&lt;/commandStatus&gt;&lt;/getQuote&gt;' responseTime: 44 avg: 13.0 count: 1675</message>
</record>
<record>
  <date>2016-02-23T11:01:32</date>
  <millis>1456221692507</millis>
  <sequence>5734</sequence>
  <logger>se.sics.tac.aw.DummyAgent</logger>
  <level>WARNING</level>
  <class>se.sics.tac.aw.Pascal</class>
  <method>bidRejected</method>
  <thread>11</thread>
  <message>Bid Rejected: -1</message>
</record>
<record>
  <date>2016-02-23T11:01:32</date>
  <millis>1456221692507</millis>
  <sequence>5735</sequence>
  <logger>se.sics.tac.aw.DummyAgent</logger>
  <level>WARNING</level>
  <class>se.sics.tac.aw.Pascal</class>
  <method>bidRejected</method>
  <thread>11</thread>
  <message>      Reason: 20 (active bid changed)</message>
</record>
<record>
  <date>2016-02-23T11:01:32</date>
  <millis>1456221692507</millis>
  <sequence>5736</sequence>
  <logger>se.sics.tac.aw.TACMessage</logger>
  <level>FINEST</level>
  <class>se.sics.tac.aw.TACMessage</class>
  <method>setReceivedMessage</method>
  <thread>11</thread>
  <message>requesting quotes for auction 2 (Inflight 3)</message>
</record>
<record>
  <date>2016-02-23T11:01:32</date>
  <millis>1456221692507</millis>
  <sequence>5737</sequence>
  <logger>se.sics.tac.aw.TACMessage</logger>
  <level>FINEST</level>
  <class>se.sics.tac.aw.TACMessage</class>
  <method>setReceivedMessage</method>
  <thread>11</thread>
  <message>XML out: '&lt;getQuote&gt;&lt;auctionID&gt;171&lt;/auctionID&gt;&lt;/getQuote&gt;'</message>
</record>
<record>
  <date>2016-02-23T11:01:32</date>
  <millis>1456221692507</millis>
  <sequence>5738</sequence>
  <logger>se.sics.tac.aw.TACMessage</logger>
  <level>FINEST</level>
  <class>se.sics.tac.aw.TACMessage</class>
  <method>setReceivedMessage</method>
  <thread>11</thread>
  <message>XML in: '&lt;?xml version="1.0"?&gt;&lt;getQuote&gt;&lt;lastAskPrice&gt;320.0000&lt;/lastAskPrice&gt;&lt;lastBidPrice&gt;-1.0000&lt;/lastBidPrice&gt;&lt;lastQuoteTime&gt;1456221687&lt;/lastQuoteTime&gt;&lt;nextQuoteTime&gt;1456221712&lt;/nextQuoteTime&gt;&lt;finalClearTime&gt;1456221720&lt;/finalClearTime&gt;&lt;nextClearTime&gt;-1&lt;/nextClearTime&gt;&lt;lastClearPrice&gt;309.0000&lt;/lastClearPrice&gt;&lt;lastClearTime&gt;1456221662&lt;/lastClearTime&gt;&lt;auctionStatus&gt;1&lt;/auctionStatus&gt;&lt;commandStatus&gt;0&lt;/commandStatus&gt;&lt;/getQuote&gt;' responseTime: 44 avg: 13.0 count: 1676</message>
</record>
<record>
  <date>2016-02-23T11:01:32</date>
  <millis>1456221692507</millis>
  <sequence>5739</sequence>
  <logger>se.sics.tac.aw.DummyAgent</logger>
  <level>WARNING</level>
  <class>se.sics.tac.aw.Pascal</class>
  <method>bidRejected</method>
  <thread>11</thread>
  <message>Bid Rejected: -1</message>
</record>
<record>
  <date>2016-02-23T11:01:32</date>
  <millis>1456221692508</millis>
  <sequence>5740</sequence>
  <logger>se.sics.tac.aw.DummyAgent</logger>
  <level>WARNING</level>
  <class>se.sics.tac.aw.Pascal</class>
  <method>bidRejected</method>
  <thread>11</thread>
  <message>      Reason: 20 (active bid changed)</message>
</record>
<record>
  <date>2016-02-23T11:01:32</date>
  <millis>1456221692508</millis>
  <sequence>5741</sequence>
  <logger>se.sics.tac.aw.TACMessage</logger>
  <level>FINEST</level>
  <class>se.sics.tac.aw.TACMessage</class>
  <method>setReceivedMessage</method>
  <thread>11</thread>
  <message>requesting quotes for auction 3 (Inflight 4)</message>
</record>
<record>
  <date>2016-02-23T11:01:32</date>
  <millis>1456221692508</millis>
  <sequence>5742</sequence>
  <logger>se.sics.tac.aw.TACMessage</logger>
  <level>FINEST</level>
  <class>se.sics.tac.aw.TACMessage</class>
  <method>setReceivedMessage</method>
  <thread>11</thread>
  <message>XML out: '&lt;getQuote&gt;&lt;auctionID&gt;172&lt;/auctionID&gt;&lt;/getQuote&gt;'</message>
</record>
<record>
  <date>2016-02-23T11:01:32</date>
  <millis>1456221692508</millis>
  <sequence>5743</sequence>
  <logger>se.sics.tac.aw.TACMessage</logger>
  <level>FINEST</level>
  <class>se.sics.tac.aw.TACMessage</class>
  <method>setReceivedMessage</method>
  <thread>11</thread>
  <message>XML in: '&lt;?xml version="1.0"?&gt;&lt;getQuote&gt;&lt;lastAskPrice&gt;640.0000&lt;/lastAskPrice&gt;&lt;lastBidPrice&gt;-1.0000&lt;/lastBidPrice&gt;&lt;lastQuoteTime&gt;1456221675&lt;/lastQuoteTime&gt;&lt;nextQuoteTime&gt;1456221705&lt;/nextQuoteTime&gt;&lt;finalClearTime&gt;1456221720&lt;/finalClearTime&gt;&lt;nextClearTime&gt;-1&lt;/nextClearTime&gt;&lt;lastClearPrice&gt;359.0000&lt;/lastClearPrice&gt;&lt;lastClearTime&gt;1456221001&lt;/lastClearTime&gt;&lt;auctionStatus&gt;1&lt;/auctionStatus&gt;&lt;commandStatus&gt;0&lt;/commandStatus&gt;&lt;/getQuote&gt;' responseTime: 45 avg: 13.0 count: 1677</message>
</record>
<record>
  <date>2016-02-23T11:01:32</date>
  <millis>1456221692508</millis>
  <sequence>5744</sequence>
  <logger>se.sics.tac.aw.TACMessage</logger>
  <level>FINEST</level>
  <class>se.sics.tac.aw.TACMessage</class>
  <method>setReceivedMessage</method>
  <thread>11</thread>
  <message>requesting quotes for auction 4 (Outflight 2)</message>
</record>
<record>
  <date>2016-02-23T11:01:32</date>
  <millis>1456221692508</millis>
  <sequence>5745</sequence>
  <logger>se.sics.tac.aw.TACMessage</logger>
  <level>FINEST</level>
  <class>se.sics.tac.aw.TACMessage</class>
  <method>setReceivedMessage</method>
  <thread>11</thread>
  <message>XML out: '&lt;getQuote&gt;&lt;auctionID&gt;173&lt;/auctionID&gt;&lt;/getQuote&gt;'</message>
</record>
<record>
  <date>2016-02-23T11:01:32</date>
  <millis>1456221692508</millis>
  <sequence>5746</sequence>
  <logger>se.sics.tac.aw.TACMessage</logger>
  <level>FINEST</level>
  <class>se.sics.tac.aw.TACMessage</class>
  <method>setReceivedMessage</method>
  <thread>11</thread>
  <message>XML in: '&lt;?xml version="1.0"?&gt;&lt;getQuote&gt;&lt;lastAskPrice&gt;534.0000&lt;/lastAskPrice&gt;&lt;lastBidPrice&gt;-1.0000&lt;/lastBidPrice&gt;&lt;lastQuoteTime&gt;1456221679&lt;/lastQuoteTime&gt;&lt;nextQuoteTime&gt;1456221705&lt;/nextQuoteTime&gt;&lt;finalClearTime&gt;1456221720&lt;/finalClearTime&gt;&lt;nextClearTime&gt;-1&lt;/nextClearTime&gt;&lt;lastClearPrice&gt;519.0000&lt;/lastClearPrice&gt;&lt;lastClearTime&gt;1456221662&lt;/lastClearTime&gt;&lt;auctionStatus&gt;1&lt;/auctionStatus&gt;&lt;commandStatus&gt;0&lt;/commandStatus&gt;&lt;/getQuote&gt;' responseTime: 45 avg: 13.0 count: 1678</message>
</record>
<record>
  <date>2016-02-23T11:01:32</date>
  <millis>1456221692508</millis>
  <sequence>5747</sequence>
  <logger>se.sics.tac.aw.DummyAgent</logger>
  <level>WARNING</level>
  <class>se.sics.tac.aw.Pascal</class>
  <method>bidRejected</method>
  <thread>11</thread>
  <message>Bid Rejected: -1</message>
</record>
<record>
  <date>2016-02-23T11:01:32</date>
  <millis>1456221692508</millis>
  <sequence>5748</sequence>
  <logger>se.sics.tac.aw.DummyAgent</logger>
  <level>WARNING</level>
  <class>se.sics.tac.aw.Pascal</class>
  <method>bidRejected</method>
  <thread>11</thread>
  <message>      Reason: 20 (active bid changed)</message>
</record>
<record>
  <date>2016-02-23T11:01:32</date>
  <millis>1456221692508</millis>
  <sequence>5749</sequence>
  <logger>se.sics.tac.aw.TACMessage</logger>
  <level>FINEST</level>
  <class>se.sics.tac.aw.TACMessage</class>
  <method>setReceivedMessage</method>
  <thread>11</thread>
  <message>requesting quotes for auction 5 (Outflight 3)</message>
</record>
<record>
  <date>2016-02-23T11:01:32</date>
  <millis>1456221692508</millis>
  <sequence>5750</sequence>
  <logger>se.sics.tac.aw.TACMessage</logger>
  <level>FINEST</level>
  <class>se.sics.tac.aw.TACMessage</class>
  <method>setReceivedMessage</method>
  <thread>11</thread>
  <message>XML out: '&lt;getQuote&gt;&lt;auctionID&gt;174&lt;/auctionID&gt;&lt;/getQuote&gt;'</message>
</record>
<record>
  <date>2016-02-23T11:01:32</date>
  <millis>1456221692508</millis>
  <sequence>5751</sequence>
  <logger>se.sics.tac.aw.TACMessage</logger>
  <level>FINEST</level>
  <class>se.sics.tac.aw.TACMessage</class>
  <method>setReceivedMessage</method>
  <thread>11</thread>
  <message>XML in: '&lt;?xml version="1.0"?&gt;&lt;getQuote&gt;&lt;lastAskPrice&gt;438.0000&lt;/lastAskPrice&gt;&lt;lastBidPrice&gt;-1.0000&lt;/lastBidPrice&gt;&lt;lastQuoteTime&gt;1456221667&lt;/lastQuoteTime&gt;&lt;nextQuoteTime&gt;1456221697&lt;/nextQuoteTime&gt;&lt;finalClearTime&gt;1456221720&lt;/finalClearTime&gt;&lt;nextClearTime&gt;-1&lt;/nextClearTime&gt;&lt;lastClearPrice&gt;390.0000&lt;/lastClearPrice&gt;&lt;lastClearTime&gt;1456221662&lt;/lastClearTime&gt;&lt;auctionStatus&gt;1&lt;/auctionStatus&gt;&lt;commandStatus&gt;0&lt;/commandStatus&gt;&lt;/getQuote&gt;' responseTime: 45 avg: 13.0 count: 1679</message>
</record>
<record>
  <date>2016-02-23T11:01:32</date>
  <millis>1456221692508</millis>
  <sequence>5752</sequence>
  <logger>se.sics.tac.aw.DummyAgent</logger>
  <level>WARNING</level>
  <class>se.sics.tac.aw.Pascal</class>
  <method>bidRejected</method>
  <thread>11</thread>
  <message>Bid Rejected: -1</message>
</record>
<record>
  <date>2016-02-23T11:01:32</date>
  <millis>1456221692508</millis>
  <sequence>5753</sequence>
  <logger>se.sics.tac.aw.DummyAgent</logger>
  <level>WARNING</level>
  <class>se.sics.tac.aw.Pascal</class>
  <method>bidRejected</method>
  <thread>11</thread>
  <message>      Reason: 20 (active bid changed)</message>
</record>
<record>
  <date>2016-02-23T11:01:32</date>
  <millis>1456221692508</millis>
  <sequence>5754</sequence>
  <logger>se.sics.tac.aw.TACMessage</logger>
  <level>FINEST</level>
  <class>se.sics.tac.aw.TACMessage</class>
  <method>setReceivedMessage</method>
  <thread>11</thread>
  <message>requesting quotes for auction 6 (Outflight 4)</message>
</record>
<record>
  <date>2016-02-23T11:01:32</date>
  <millis>1456221692508</millis>
  <sequence>5755</sequence>
  <logger>se.sics.tac.aw.TACMessage</logger>
  <level>FINEST</level>
  <class>se.sics.tac.aw.TACMessage</class>
  <method>setReceivedMessage</method>
  <thread>11</thread>
  <message>XML out: '&lt;getQuote&gt;&lt;auctionID&gt;175&lt;/auctionID&gt;&lt;/getQuote&gt;'</message>
</record>
<record>
  <date>2016-02-23T11:01:32</date>
  <millis>1456221692508</millis>
  <sequence>5756</sequence>
  <logger>se.sics.tac.aw.TACMessage</logger>
  <level>FINEST</level>
  <class>se.sics.tac.aw.TACMessage</class>
  <method>setReceivedMessage</method>
  <thread>11</thread>
  <message>XML in: '&lt;?xml version="1.0"?&gt;&lt;getQuote&gt;&lt;lastAskPrice&gt;364.0000&lt;/lastAskPrice&gt;&lt;lastBidPrice&gt;-1.0000&lt;/lastBidPrice&gt;&lt;lastQuoteTime&gt;1456221689&lt;/lastQuoteTime&gt;&lt;nextQuoteTime&gt;1456221717&lt;/nextQuoteTime&gt;&lt;finalClearTime&gt;1456221720&lt;/finalClearTime&gt;&lt;nextClearTime&gt;-1&lt;/nextClearTime&gt;&lt;lastClearPrice&gt;358.0000&lt;/lastClearPrice&gt;&lt;lastClearTime&gt;1456221662&lt;/lastClearTime&gt;&lt;auctionStatus&gt;1&lt;/auctionStatus&gt;&lt;commandStatus&gt;0&lt;/commandStatus&gt;&lt;/getQuote&gt;' responseTime: 45 avg: 13.0 count: 1680</message>
</record>
<record>
  <date>2016-02-23T11:01:32</date>
  <millis>1456221692508</millis>
  <sequence>5757</sequence>
  <logger>se.sics.tac.aw.DummyAgent</logger>
  <level>WARNING</level>
  <class>se.sics.tac.aw.Pascal</class>
  <method>bidRejected</method>
  <thread>11</thread>
  <message>Bid Rejected: -1</message>
</record>
<record>
  <date>2016-02-23T11:01:32</date>
  <millis>1456221692508</millis>
  <sequence>5758</sequence>
  <logger>se.sics.tac.aw.DummyAgent</logger>
  <level>WARNING</level>
  <class>se.sics.tac.aw.Pascal</class>
  <method>bidRejected</method>
  <thread>11</thread>
  <message>      Reason: 20 (active bid changed)</message>
</record>
<record>
  <date>2016-02-23T11:01:32</date>
  <millis>1456221692508</millis>
  <sequence>5759</sequence>
  <logger>se.sics.tac.aw.TACMessage</logger>
  <level>FINEST</level>
  <class>se.sics.tac.aw.TACMessage</class>
  <method>setReceivedMessage</method>
  <thread>11</thread>
  <message>requesting quotes for auction 7 (Outflight 5)</message>
</record>
<record>
  <date>2016-02-23T11:01:32</date>
  <millis>1456221692508</millis>
  <sequence>5760</sequence>
  <logger>se.sics.tac.aw.TACMessage</logger>
  <level>FINEST</level>
  <class>se.sics.tac.aw.TACMessage</class>
  <method>setReceivedMessage</method>
  <thread>11</thread>
  <message>XML out: '&lt;getQuote&gt;&lt;auctionID&gt;176&lt;/auctionID&gt;&lt;/getQuote&gt;'</message>
</record>
<record>
  <date>2016-02-23T11:01:32</date>
  <millis>1456221692508</millis>
  <sequence>5761</sequence>
  <logger>se.sics.tac.aw.TACMessage</logger>
  <level>FINEST</level>
  <class>se.sics.tac.aw.TACMessage</class>
  <method>setReceivedMessage</method>
  <thread>11</thread>
  <message>XML in: '&lt;?xml version="1.0"?&gt;&lt;getQuote&gt;&lt;lastAskPrice&gt;632.0000&lt;/lastAskPrice&gt;&lt;lastBidPrice&gt;-1.0000&lt;/lastBidPrice&gt;&lt;lastQuoteTime&gt;1456221677&lt;/lastQuoteTime&gt;&lt;nextQuoteTime&gt;1456221704&lt;/nextQuoteTime&gt;&lt;finalClearTime&gt;1456221720&lt;/finalClearTime&gt;&lt;nextClearTime&gt;-1&lt;/nextClearTime&gt;&lt;lastClearPrice&gt;616.0000&lt;/lastClearPrice&gt;&lt;lastClearTime&gt;1456221662&lt;/lastClearTime&gt;&lt;auctionStatus&gt;1&lt;/auctionStatus&gt;&lt;commandStatus&gt;0&lt;/commandStatus&gt;&lt;/getQuote&gt;' responseTime: 45 avg: 13.0 count: 1681</message>
</record>
<record>
  <date>2016-02-23T11:01:32</date>
  <millis>1456221692508</millis>
  <sequence>5762</sequence>
  <logger>se.sics.tac.aw.DummyAgent</logger>
  <level>WARNING</level>
  <class>se.sics.tac.aw.Pascal</class>
  <method>bidRejected</method>
  <thread>11</thread>
  <message>Bid Rejected: -1</message>
</record>
<record>
  <date>2016-02-23T11:01:32</date>
  <millis>1456221692508</millis>
  <sequence>5763</sequence>
  <logger>se.sics.tac.aw.DummyAgent</logger>
  <level>WARNING</level>
  <class>se.sics.tac.aw.Pascal</class>
  <method>bidRejected</method>
  <thread>11</thread>
  <message>      Reason: 20 (active bid changed)</message>
</record>
<record>
  <date>2016-02-23T11:01:32</date>
  <millis>1456221692508</millis>
  <sequence>5764</sequence>
  <logger>se.sics.tac.aw.DummyAgent</logger>
  <level>FINE</level>
  <class>se.sics.tac.aw.Pascal</class>
  <method>quoteUpdated</method>
  <thread>11</thread>
  <message>All quotes for flight has been updated</message>
</record>
<record>
  <date>2016-02-23T11:01:32</date>
  <millis>1456221692508</millis>
  <sequence>5765</sequence>
  <logger>se.sics.tac.aw.TACMessage</logger>
  <level>FINEST</level>
  <class>se.sics.tac.aw.TACMessage</class>
  <method>setReceivedMessage</method>
  <thread>11</thread>
  <message>submitting bid (submitBid) to auction 18 (Alligator 3)</message>
</record>
<record>
  <date>2016-02-23T11:01:32</date>
  <millis>1456221692508</millis>
  <sequence>5766</sequence>
  <logger>se.sics.tac.aw.TACMessage</logger>
  <level>FINEST</level>
  <class>se.sics.tac.aw.TACMessage</class>
  <method>setReceivedMessage</method>
  <thread>11</thread>
  <message>XML out: '&lt;submitBid&gt;&lt;auctionID&gt;187&lt;/auctionID&gt;&lt;bidString&gt;((-4 84.682))&lt;/bidString&gt;&lt;expireTime&gt;0&lt;/expireTime&gt;&lt;expireMode&gt;0&lt;/expireMode&gt;&lt;divisible&gt;1&lt;/divisible&gt;&lt;/submitBid&gt;'</message>
</record>
<record>
  <date>2016-02-23T11:01:32</date>
  <millis>1456221692508</millis>
  <sequence>5767</sequence>
  <logger>se.sics.tac.aw.TACMessage</logger>
  <level>FINEST</level>
  <class>se.sics.tac.aw.TACMessage</class>
  <method>setReceivedMessage</method>
  <thread>11</thread>
  <message>XML in: '&lt;?xml version="1.0"?&gt;&lt;submitBid&gt;&lt;bidID&gt;2852&lt;/bidID&gt;&lt;bidHash&gt;((-4.0 84.6820))&lt;/bidHash&gt;&lt;rejectReason&gt;0&lt;/rejectReason&gt;&lt;commandStatus&gt;0&lt;/commandStatus&gt;&lt;/submitBid&gt;' responseTime: 45 avg: 13.0 count: 1682</message>
</record>
<record>
  <date>2016-02-23T11:01:32</date>
  <millis>1456221692508</millis>
  <sequence>5768</sequence>
  <logger>se.sics.tac.aw.TACMessage</logger>
  <level>FINEST</level>
  <class>se.sics.tac.aw.TACMessage</class>
  <method>setReceivedMessage</method>
  <thread>11</thread>
  <message>submitting bid (submitBid) to auction 20 (Amusement 1)</message>
</record>
<record>
  <date>2016-02-23T11:01:32</date>
  <millis>1456221692508</millis>
  <sequence>5769</sequence>
  <logger>se.sics.tac.aw.TACMessage</logger>
  <level>FINEST</level>
  <class>se.sics.tac.aw.TACMessage</class>
  <method>setReceivedMessage</method>
  <thread>11</thread>
  <message>XML out: '&lt;submitBid&gt;&lt;auctionID&gt;189&lt;/auctionID&gt;&lt;bidString&gt;((-1 84.682))&lt;/bidString&gt;&lt;expireTime&gt;0&lt;/expireTime&gt;&lt;expireMode&gt;0&lt;/expireMode&gt;&lt;divisible&gt;1&lt;/divisible&gt;&lt;/submitBid&gt;'</message>
</record>
<record>
  <date>2016-02-23T11:01:32</date>
  <millis>1456221692508</millis>
  <sequence>5770</sequence>
  <logger>se.sics.tac.aw.TACMessage</logger>
  <level>FINEST</level>
  <class>se.sics.tac.aw.TACMessage</class>
  <method>setReceivedMessage</method>
  <thread>11</thread>
  <message>XML in: '&lt;?xml version="1.0"?&gt;&lt;submitBid&gt;&lt;bidID&gt;2853&lt;/bidID&gt;&lt;bidHash&gt;((-1.0 84.6820))&lt;/bidHash&gt;&lt;rejectReason&gt;0&lt;/rejectReason&gt;&lt;commandStatus&gt;0&lt;/commandStatus&gt;&lt;/submitBid&gt;' responseTime: 45 avg: 13.0 count: 1683</message>
</record>
<record>
  <date>2016-02-23T11:01:32</date>
  <millis>1456221692508</millis>
  <sequence>5771</sequence>
  <logger>se.sics.tac.aw.TACMessage</logger>
  <level>FINEST</level>
  <class>se.sics.tac.aw.TACMessage</class>
  <method>setReceivedMessage</method>
  <thread>11</thread>
  <message>submitting bid (submitBid) to auction 22 (Amusement 3)</message>
</record>
<record>
  <date>2016-02-23T11:01:32</date>
  <millis>1456221692508</millis>
  <sequence>5772</sequence>
  <logger>se.sics.tac.aw.TACMessage</logger>
  <level>FINEST</level>
  <class>se.sics.tac.aw.TACMessage</class>
  <method>setReceivedMessage</method>
  <thread>11</thread>
  <message>XML out: '&lt;submitBid&gt;&lt;auctionID&gt;191&lt;/auctionID&gt;&lt;bidString&gt;((-2 84.67934))&lt;/bidString&gt;&lt;expireTime&gt;0&lt;/expireTime&gt;&lt;expireMode&gt;0&lt;/expireMode&gt;&lt;divisible&gt;1&lt;/divisible&gt;&lt;/submitBid&gt;'</message>
</record>
<record>
  <date>2016-02-23T11:01:32</date>
  <millis>1456221692508</millis>
  <sequence>5773</sequence>
  <logger>se.sics.tac.aw.TACMessage</logger>
  <level>FINEST</level>
  <class>se.sics.tac.aw.TACMessage</class>
  <method>setReceivedMessage</method>
  <thread>11</thread>
  <message>XML in: '&lt;?xml version="1.0"?&gt;&lt;submitBid&gt;&lt;bidID&gt;2854&lt;/bidID&gt;&lt;bidHash&gt;((-2.0 84.6793))&lt;/bidHash&gt;&lt;rejectReason&gt;0&lt;/rejectReason&gt;&lt;commandStatus&gt;0&lt;/commandStatus&gt;&lt;/submitBid&gt;' responseTime: 29 avg: 13.0 count: 1684</message>
</record>
<record>
  <date>2016-02-23T11:01:32</date>
  <millis>1456221692508</millis>
  <sequence>5774</sequence>
  <logger>se.sics.tac.aw.TACMessage</logger>
  <level>FINEST</level>
  <class>se.sics.tac.aw.TACMessage</class>
  <method>setReceivedMessage</method>
  <thread>11</thread>
  <message>XML out: '&lt;bidInfo&gt;&lt;bidID&gt;2852&lt;/bidID&gt;&lt;/bidInfo&gt;'</message>
</record>
<record>
  <date>2016-02-23T11:01:32</date>
  <millis>1456221692508</millis>
  <sequence>5775</sequence>
  <logger>se.sics.tac.aw.TACMessage</logger>
  <level>FINEST</level>
  <class>se.sics.tac.aw.TACMessage</class>
  <method>setReceivedMessage</method>
  <thread>11</thread>
  <message>XML in: '&lt;?xml version="1.0"?&gt;&lt;bidInfo&gt;&lt;bidString&gt;((-4.0 84.6820))&lt;/bidString&gt;&lt;bidHash&gt;((-4.0 84.6820))&lt;/bidHash&gt;&lt;processingState&gt;2&lt;/processingState&gt;&lt;timeProcessed&gt;1456221692&lt;/timeProcessed&gt;&lt;timeClosed&gt;0&lt;/timeClosed&gt;&lt;withdrawState&gt;0&lt;/withdrawState&gt;&lt;timeWithdrawRequest&gt;0&lt;/timeWithdrawRequest&gt;&lt;timeWithdraw&gt;0&lt;/timeWithdraw&gt;&lt;rejectReason&gt;0&lt;/rejectReason&gt;&lt;commandStatus&gt;0&lt;/commandStatus&gt;&lt;/bidInfo&gt;' responseTime: 0 avg: 13.0 count: 1685</message>
</record>
<record>
  <date>2016-02-23T11:01:32</date>
  <millis>1456221692508</millis>
  <sequence>5776</sequence>
  <logger>se.sics.tac.aw.DummyAgent</logger>
  <level>FINE</level>
  <class>se.sics.tac.aw.Pascal</class>
  <method>bidUpdated</method>
  <thread>11</thread>
  <message>Bid Updated: id=2852 auction=18 state=valid</message>
</record>
<record>
  <date>2016-02-23T11:01:32</date>
  <millis>1456221692508</millis>
  <sequence>5777</sequence>
  <logger>se.sics.tac.aw.DummyAgent</logger>
  <level>FINE</level>
  <class>se.sics.tac.aw.Pascal</class>
  <method>bidUpdated</method>
  <thread>11</thread>
  <message>       Hash: ((-4.0 84.6820))</message>
</record>
<record>
  <date>2016-02-23T11:01:32</date>
  <millis>1456221692508</millis>
  <sequence>5778</sequence>
  <logger>se.sics.tac.aw.TACMessage</logger>
  <level>FINEST</level>
  <class>se.sics.tac.aw.TACMessage</class>
  <method>setReceivedMessage</method>
  <thread>11</thread>
  <message>XML out: '&lt;bidInfo&gt;&lt;bidID&gt;2853&lt;/bidID&gt;&lt;/bidInfo&gt;'</message>
</record>
<record>
  <date>2016-02-23T11:01:32</date>
  <millis>1456221692508</millis>
  <sequence>5779</sequence>
  <logger>se.sics.tac.aw.TACMessage</logger>
  <level>FINEST</level>
  <class>se.sics.tac.aw.TACMessage</class>
  <method>setReceivedMessage</method>
  <thread>11</thread>
  <message>XML in: '&lt;?xml version="1.0"?&gt;&lt;bidInfo&gt;&lt;bidString&gt;((-1.0 84.6820))&lt;/bidString&gt;&lt;bidHash&gt;((-1.0 84.6820))&lt;/bidHash&gt;&lt;processingState&gt;2&lt;/processingState&gt;&lt;timeProcessed&gt;1456221692&lt;/timeProcessed&gt;&lt;timeClosed&gt;0&lt;/timeClosed&gt;&lt;withdrawState&gt;0&lt;/withdrawState&gt;&lt;timeWithdrawRequest&gt;0&lt;/timeWithdrawRequest&gt;&lt;timeWithdraw&gt;0&lt;/timeWithdraw&gt;&lt;rejectReason&gt;0&lt;/rejectReason&gt;&lt;commandStatus&gt;0&lt;/commandStatus&gt;&lt;/bidInfo&gt;' responseTime: 0 avg: 13.0 count: 1686</message>
</record>
<record>
  <date>2016-02-23T11:01:32</date>
  <millis>1456221692508</millis>
  <sequence>5780</sequence>
  <logger>se.sics.tac.aw.DummyAgent</logger>
  <level>FINE</level>
  <class>se.sics.tac.aw.Pascal</class>
  <method>bidUpdated</method>
  <thread>11</thread>
  <message>Bid Updated: id=2853 auction=20 state=valid</message>
</record>
<record>
  <date>2016-02-23T11:01:32</date>
  <millis>1456221692508</millis>
  <sequence>5781</sequence>
  <logger>se.sics.tac.aw.DummyAgent</logger>
  <level>FINE</level>
  <class>se.sics.tac.aw.Pascal</class>
  <method>bidUpdated</method>
  <thread>11</thread>
  <message>       Hash: ((-1.0 84.6820))</message>
</record>
<record>
  <date>2016-02-23T11:01:32</date>
  <millis>1456221692508</millis>
  <sequence>5782</sequence>
  <logger>se.sics.tac.aw.TACMessage</logger>
  <level>FINEST</level>
  <class>se.sics.tac.aw.TACMessage</class>
  <method>setReceivedMessage</method>
  <thread>11</thread>
  <message>XML out: '&lt;bidInfo&gt;&lt;bidID&gt;2854&lt;/bidID&gt;&lt;/bidInfo&gt;'</message>
</record>
<record>
  <date>2016-02-23T11:01:32</date>
  <millis>1456221692508</millis>
  <sequence>5783</sequence>
  <logger>se.sics.tac.aw.TACMessage</logger>
  <level>FINEST</level>
  <class>se.sics.tac.aw.TACMessage</class>
  <method>setReceivedMessage</method>
  <thread>11</thread>
  <message>XML in: '&lt;?xml version="1.0"?&gt;&lt;bidInfo&gt;&lt;bidString&gt;((-2.0 84.6793))&lt;/bidString&gt;&lt;bidHash&gt;((-2.0 84.6793))&lt;/bidHash&gt;&lt;processingState&gt;2&lt;/processingState&gt;&lt;timeProcessed&gt;1456221692&lt;/timeProcessed&gt;&lt;timeClosed&gt;0&lt;/timeClosed&gt;&lt;withdrawState&gt;0&lt;/withdrawState&gt;&lt;timeWithdrawRequest&gt;0&lt;/timeWithdrawRequest&gt;&lt;timeWithdraw&gt;0&lt;/timeWithdraw&gt;&lt;rejectReason&gt;0&lt;/rejectReason&gt;&lt;commandStatus&gt;0&lt;/commandStatus&gt;&lt;/bidInfo&gt;' responseTime: 0 avg: 13.0 count: 1687</message>
</record>
<record>
  <date>2016-02-23T11:01:32</date>
  <millis>1456221692508</millis>
  <sequence>5784</sequence>
  <logger>se.sics.tac.aw.DummyAgent</logger>
  <level>FINE</level>
  <class>se.sics.tac.aw.Pascal</class>
  <method>bidUpdated</method>
  <thread>11</thread>
  <message>Bid Updated: id=2854 auction=22 state=valid</message>
</record>
<record>
  <date>2016-02-23T11:01:32</date>
  <millis>1456221692508</millis>
  <sequence>5785</sequence>
  <logger>se.sics.tac.aw.DummyAgent</logger>
  <level>FINE</level>
  <class>se.sics.tac.aw.Pascal</class>
  <method>bidUpdated</method>
  <thread>11</thread>
  <message>       Hash: ((-2.0 84.6793))</message>
</record>
<record>
  <date>2016-02-23T11:01:42</date>
  <millis>1456221702498</millis>
  <sequence>5786</sequence>
  <logger>se.sics.tac.aw.TACMessage</logger>
  <level>FINEST</level>
  <class>se.sics.tac.aw.TACMessage</class>
  <method>setReceivedMessage</method>
  <thread>11</thread>
  <message>requesting quotes for auction 0 (Inflight 1)</message>
</record>
<record>
  <date>2016-02-23T11:01:42</date>
  <millis>1456221702498</millis>
  <sequence>5787</sequence>
  <logger>se.sics.tac.aw.TACMessage</logger>
  <level>FINEST</level>
  <class>se.sics.tac.aw.TACMessage</class>
  <method>setReceivedMessage</method>
  <thread>11</thread>
  <message>XML out: '&lt;getQuote&gt;&lt;auctionID&gt;169&lt;/auctionID&gt;&lt;/getQuote&gt;'</message>
</record>
<record>
  <date>2016-02-23T11:01:42</date>
  <millis>1456221702498</millis>
  <sequence>5788</sequence>
  <logger>se.sics.tac.aw.TACMessage</logger>
  <level>FINEST</level>
  <class>se.sics.tac.aw.TACMessage</class>
  <method>setReceivedMessage</method>
  <thread>11</thread>
  <message>XML in: '&lt;?xml version="1.0"?&gt;&lt;getQuote&gt;&lt;lastAskPrice&gt;584.0000&lt;/lastAskPrice&gt;&lt;lastBidPrice&gt;-1.0000&lt;/lastBidPrice&gt;&lt;lastQuoteTime&gt;1456221694&lt;/lastQuoteTime&gt;&lt;nextQuoteTime&gt;1456221725&lt;/nextQuoteTime&gt;&lt;finalClearTime&gt;1456221720&lt;/finalClearTime&gt;&lt;nextClearTime&gt;-1&lt;/nextClearTime&gt;&lt;lastClearPrice&gt;568.0000&lt;/lastClearPrice&gt;&lt;lastClearTime&gt;1456221662&lt;/lastClearTime&gt;&lt;auctionStatus&gt;1&lt;/auctionStatus&gt;&lt;commandStatus&gt;0&lt;/commandStatus&gt;&lt;/getQuote&gt;' responseTime: 0 avg: 13.0 count: 1688</message>
</record>
<record>
  <date>2016-02-23T11:01:42</date>
  <millis>1456221702498</millis>
  <sequence>5789</sequence>
  <logger>se.sics.tac.aw.DummyAgent</logger>
  <level>WARNING</level>
  <class>se.sics.tac.aw.Pascal</class>
  <method>bidRejected</method>
  <thread>11</thread>
  <message>Bid Rejected: -1</message>
</record>
<record>
  <date>2016-02-23T11:01:42</date>
  <millis>1456221702498</millis>
  <sequence>5790</sequence>
  <logger>se.sics.tac.aw.DummyAgent</logger>
  <level>WARNING</level>
  <class>se.sics.tac.aw.Pascal</class>
  <method>bidRejected</method>
  <thread>11</thread>
  <message>      Reason: 20 (active bid changed)</message>
</record>
<record>
  <date>2016-02-23T11:01:42</date>
  <millis>1456221702502</millis>
  <sequence>5791</sequence>
  <logger>se.sics.tac.aw.TACMessage</logger>
  <level>FINEST</level>
  <class>se.sics.tac.aw.TACMessage</class>
  <method>setReceivedMessage</method>
  <thread>11</thread>
  <message>requesting quotes for auction 1 (Inflight 2)</message>
</record>
<record>
  <date>2016-02-23T11:01:42</date>
  <millis>1456221702502</millis>
  <sequence>5792</sequence>
  <logger>se.sics.tac.aw.TACMessage</logger>
  <level>FINEST</level>
  <class>se.sics.tac.aw.TACMessage</class>
  <method>setReceivedMessage</method>
  <thread>11</thread>
  <message>XML out: '&lt;getQuote&gt;&lt;auctionID&gt;170&lt;/auctionID&gt;&lt;/getQuote&gt;'</message>
</record>
<record>
  <date>2016-02-23T11:01:42</date>
  <millis>1456221702502</millis>
  <sequence>5793</sequence>
  <logger>se.sics.tac.aw.TACMessage</logger>
  <level>FINEST</level>
  <class>se.sics.tac.aw.TACMessage</class>
  <method>setReceivedMessage</method>
  <thread>11</thread>
  <message>XML in: '&lt;?xml version="1.0"?&gt;&lt;getQuote&gt;&lt;lastAskPrice&gt;451.0000&lt;/lastAskPrice&gt;&lt;lastBidPrice&gt;-1.0000&lt;/lastBidPrice&gt;&lt;lastQuoteTime&gt;1456221699&lt;/lastQuoteTime&gt;&lt;nextQuoteTime&gt;1456221726&lt;/nextQuoteTime&gt;&lt;finalClearTime&gt;1456221720&lt;/finalClearTime&gt;&lt;nextClearTime&gt;-1&lt;/nextClearTime&gt;&lt;lastClearPrice&gt;438.0000&lt;/lastClearPrice&gt;&lt;lastClearTime&gt;1456221662&lt;/lastClearTime&gt;&lt;auctionStatus&gt;1&lt;/auctionStatus&gt;&lt;commandStatus&gt;0&lt;/commandStatus&gt;&lt;/getQuote&gt;' responseTime: 4 avg: 13.0 count: 1689</message>
</record>
<record>
  <date>2016-02-23T11:01:42</date>
  <millis>1456221702502</millis>
  <sequence>5794</sequence>
  <logger>se.sics.tac.aw.DummyAgent</logger>
  <level>WARNING</level>
  <class>se.sics.tac.aw.Pascal</class>
  <method>bidRejected</method>
  <thread>11</thread>
  <message>Bid Rejected: -1</message>
</record>
<record>
  <date>2016-02-23T11:01:42</date>
  <millis>1456221702502</millis>
  <sequence>5795</sequence>
  <logger>se.sics.tac.aw.DummyAgent</logger>
  <level>WARNING</level>
  <class>se.sics.tac.aw.Pascal</class>
  <method>bidRejected</method>
  <thread>11</thread>
  <message>      Reason: 20 (active bid changed)</message>
</record>
<record>
  <date>2016-02-23T11:01:42</date>
  <millis>1456221702503</millis>
  <sequence>5796</sequence>
  <logger>se.sics.tac.aw.TACMessage</logger>
  <level>FINEST</level>
  <class>se.sics.tac.aw.TACMessage</class>
  <method>setReceivedMessage</method>
  <thread>11</thread>
  <message>requesting quotes for auction 2 (Inflight 3)</message>
</record>
<record>
  <date>2016-02-23T11:01:42</date>
  <millis>1456221702503</millis>
  <sequence>5797</sequence>
  <logger>se.sics.tac.aw.TACMessage</logger>
  <level>FINEST</level>
  <class>se.sics.tac.aw.TACMessage</class>
  <method>setReceivedMessage</method>
  <thread>11</thread>
  <message>XML out: '&lt;getQuote&gt;&lt;auctionID&gt;171&lt;/auctionID&gt;&lt;/getQuote&gt;'</message>
</record>
<record>
  <date>2016-02-23T11:01:42</date>
  <millis>1456221702503</millis>
  <sequence>5798</sequence>
  <logger>se.sics.tac.aw.TACMessage</logger>
  <level>FINEST</level>
  <class>se.sics.tac.aw.TACMessage</class>
  <method>setReceivedMessage</method>
  <thread>11</thread>
  <message>XML in: '&lt;?xml version="1.0"?&gt;&lt;getQuote&gt;&lt;lastAskPrice&gt;320.0000&lt;/lastAskPrice&gt;&lt;lastBidPrice&gt;-1.0000&lt;/lastBidPrice&gt;&lt;lastQuoteTime&gt;1456221687&lt;/lastQuoteTime&gt;&lt;nextQuoteTime&gt;1456221712&lt;/nextQuoteTime&gt;&lt;finalClearTime&gt;1456221720&lt;/finalClearTime&gt;&lt;nextClearTime&gt;-1&lt;/nextClearTime&gt;&lt;lastClearPrice&gt;309.0000&lt;/lastClearPrice&gt;&lt;lastClearTime&gt;1456221662&lt;/lastClearTime&gt;&lt;auctionStatus&gt;1&lt;/auctionStatus&gt;&lt;commandStatus&gt;0&lt;/commandStatus&gt;&lt;/getQuote&gt;' responseTime: 5 avg: 13.0 count: 1690</message>
</record>
<record>
  <date>2016-02-23T11:01:42</date>
  <millis>1456221702503</millis>
  <sequence>5799</sequence>
  <logger>se.sics.tac.aw.DummyAgent</logger>
  <level>WARNING</level>
  <class>se.sics.tac.aw.Pascal</class>
  <method>bidRejected</method>
  <thread>11</thread>
  <message>Bid Rejected: -1</message>
</record>
<record>
  <date>2016-02-23T11:01:42</date>
  <millis>1456221702503</millis>
  <sequence>5800</sequence>
  <logger>se.sics.tac.aw.DummyAgent</logger>
  <level>WARNING</level>
  <class>se.sics.tac.aw.Pascal</class>
  <method>bidRejected</method>
  <thread>11</thread>
  <message>      Reason: 20 (active bid changed)</message>
</record>
<record>
  <date>2016-02-23T11:01:42</date>
  <millis>1456221702503</millis>
  <sequence>5801</sequence>
  <logger>se.sics.tac.aw.TACMessage</logger>
  <level>FINEST</level>
  <class>se.sics.tac.aw.TACMessage</class>
  <method>setReceivedMessage</method>
  <thread>11</thread>
  <message>requesting quotes for auction 3 (Inflight 4)</message>
</record>
<record>
  <date>2016-02-23T11:01:42</date>
  <millis>1456221702503</millis>
  <sequence>5802</sequence>
  <logger>se.sics.tac.aw.TACMessage</logger>
  <level>FINEST</level>
  <class>se.sics.tac.aw.TACMessage</class>
  <method>setReceivedMessage</method>
  <thread>11</thread>
  <message>XML out: '&lt;getQuote&gt;&lt;auctionID&gt;172&lt;/auctionID&gt;&lt;/getQuote&gt;'</message>
</record>
<record>
  <date>2016-02-23T11:01:42</date>
  <millis>1456221702503</millis>
  <sequence>5803</sequence>
  <logger>se.sics.tac.aw.TACMessage</logger>
  <level>FINEST</level>
  <class>se.sics.tac.aw.TACMessage</class>
  <method>setReceivedMessage</method>
  <thread>11</thread>
  <message>XML in: '&lt;?xml version="1.0"?&gt;&lt;getQuote&gt;&lt;lastAskPrice&gt;640.0000&lt;/lastAskPrice&gt;&lt;lastBidPrice&gt;-1.0000&lt;/lastBidPrice&gt;&lt;lastQuoteTime&gt;1456221675&lt;/lastQuoteTime&gt;&lt;nextQuoteTime&gt;1456221705&lt;/nextQuoteTime&gt;&lt;finalClearTime&gt;1456221720&lt;/finalClearTime&gt;&lt;nextClearTime&gt;-1&lt;/nextClearTime&gt;&lt;lastClearPrice&gt;359.0000&lt;/lastClearPrice&gt;&lt;lastClearTime&gt;1456221001&lt;/lastClearTime&gt;&lt;auctionStatus&gt;1&lt;/auctionStatus&gt;&lt;commandStatus&gt;0&lt;/commandStatus&gt;&lt;/getQuote&gt;' responseTime: 5 avg: 13.0 count: 1691</message>
</record>
<record>
  <date>2016-02-23T11:01:42</date>
  <millis>1456221702503</millis>
  <sequence>5804</sequence>
  <logger>se.sics.tac.aw.TACMessage</logger>
  <level>FINEST</level>
  <class>se.sics.tac.aw.TACMessage</class>
  <method>setReceivedMessage</method>
  <thread>11</thread>
  <message>requesting quotes for auction 4 (Outflight 2)</message>
</record>
<record>
  <date>2016-02-23T11:01:42</date>
  <millis>1456221702503</millis>
  <sequence>5805</sequence>
  <logger>se.sics.tac.aw.TACMessage</logger>
  <level>FINEST</level>
  <class>se.sics.tac.aw.TACMessage</class>
  <method>setReceivedMessage</method>
  <thread>11</thread>
  <message>XML out: '&lt;getQuote&gt;&lt;auctionID&gt;173&lt;/auctionID&gt;&lt;/getQuote&gt;'</message>
</record>
<record>
  <date>2016-02-23T11:01:42</date>
  <millis>1456221702503</millis>
  <sequence>5806</sequence>
  <logger>se.sics.tac.aw.TACMessage</logger>
  <level>FINEST</level>
  <class>se.sics.tac.aw.TACMessage</class>
  <method>setReceivedMessage</method>
  <thread>11</thread>
  <message>XML in: '&lt;?xml version="1.0"?&gt;&lt;getQuote&gt;&lt;lastAskPrice&gt;534.0000&lt;/lastAskPrice&gt;&lt;lastBidPrice&gt;-1.0000&lt;/lastBidPrice&gt;&lt;lastQuoteTime&gt;1456221679&lt;/lastQuoteTime&gt;&lt;nextQuoteTime&gt;1456221705&lt;/nextQuoteTime&gt;&lt;finalClearTime&gt;1456221720&lt;/finalClearTime&gt;&lt;nextClearTime&gt;-1&lt;/nextClearTime&gt;&lt;lastClearPrice&gt;519.0000&lt;/lastClearPrice&gt;&lt;lastClearTime&gt;1456221662&lt;/lastClearTime&gt;&lt;auctionStatus&gt;1&lt;/auctionStatus&gt;&lt;commandStatus&gt;0&lt;/commandStatus&gt;&lt;/getQuote&gt;' responseTime: 5 avg: 13.0 count: 1692</message>
</record>
<record>
  <date>2016-02-23T11:01:42</date>
  <millis>1456221702503</millis>
  <sequence>5807</sequence>
  <logger>se.sics.tac.aw.DummyAgent</logger>
  <level>WARNING</level>
  <class>se.sics.tac.aw.Pascal</class>
  <method>bidRejected</method>
  <thread>11</thread>
  <message>Bid Rejected: -1</message>
</record>
<record>
  <date>2016-02-23T11:01:42</date>
  <millis>1456221702503</millis>
  <sequence>5808</sequence>
  <logger>se.sics.tac.aw.DummyAgent</logger>
  <level>WARNING</level>
  <class>se.sics.tac.aw.Pascal</class>
  <method>bidRejected</method>
  <thread>11</thread>
  <message>      Reason: 20 (active bid changed)</message>
</record>
<record>
  <date>2016-02-23T11:01:42</date>
  <millis>1456221702503</millis>
  <sequence>5809</sequence>
  <logger>se.sics.tac.aw.TACMessage</logger>
  <level>FINEST</level>
  <class>se.sics.tac.aw.TACMessage</class>
  <method>setReceivedMessage</method>
  <thread>11</thread>
  <message>requesting quotes for auction 5 (Outflight 3)</message>
</record>
<record>
  <date>2016-02-23T11:01:42</date>
  <millis>1456221702503</millis>
  <sequence>5810</sequence>
  <logger>se.sics.tac.aw.TACMessage</logger>
  <level>FINEST</level>
  <class>se.sics.tac.aw.TACMessage</class>
  <method>setReceivedMessage</method>
  <thread>11</thread>
  <message>XML out: '&lt;getQuote&gt;&lt;auctionID&gt;174&lt;/auctionID&gt;&lt;/getQuote&gt;'</message>
</record>
<record>
  <date>2016-02-23T11:01:42</date>
  <millis>1456221702503</millis>
  <sequence>5811</sequence>
  <logger>se.sics.tac.aw.TACMessage</logger>
  <level>FINEST</level>
  <class>se.sics.tac.aw.TACMessage</class>
  <method>setReceivedMessage</method>
  <thread>11</thread>
  <message>XML in: '&lt;?xml version="1.0"?&gt;&lt;getQuote&gt;&lt;lastAskPrice&gt;437.0000&lt;/lastAskPrice&gt;&lt;lastBidPrice&gt;-1.0000&lt;/lastBidPrice&gt;&lt;lastQuoteTime&gt;1456221697&lt;/lastQuoteTime&gt;&lt;nextQuoteTime&gt;1456221728&lt;/nextQuoteTime&gt;&lt;finalClearTime&gt;1456221720&lt;/finalClearTime&gt;&lt;nextClearTime&gt;-1&lt;/nextClearTime&gt;&lt;lastClearPrice&gt;390.0000&lt;/lastClearPrice&gt;&lt;lastClearTime&gt;1456221662&lt;/lastClearTime&gt;&lt;auctionStatus&gt;1&lt;/auctionStatus&gt;&lt;commandStatus&gt;0&lt;/commandStatus&gt;&lt;/getQuote&gt;' responseTime: 5 avg: 13.0 count: 1693</message>
</record>
<record>
  <date>2016-02-23T11:01:42</date>
  <millis>1456221702503</millis>
  <sequence>5812</sequence>
  <logger>se.sics.tac.aw.DummyAgent</logger>
  <level>WARNING</level>
  <class>se.sics.tac.aw.Pascal</class>
  <method>bidRejected</method>
  <thread>11</thread>
  <message>Bid Rejected: -1</message>
</record>
<record>
  <date>2016-02-23T11:01:42</date>
  <millis>1456221702503</millis>
  <sequence>5813</sequence>
  <logger>se.sics.tac.aw.DummyAgent</logger>
  <level>WARNING</level>
  <class>se.sics.tac.aw.Pascal</class>
  <method>bidRejected</method>
  <thread>11</thread>
  <message>      Reason: 20 (active bid changed)</message>
</record>
<record>
  <date>2016-02-23T11:01:42</date>
  <millis>1456221702503</millis>
  <sequence>5814</sequence>
  <logger>se.sics.tac.aw.TACMessage</logger>
  <level>FINEST</level>
  <class>se.sics.tac.aw.TACMessage</class>
  <method>setReceivedMessage</method>
  <thread>11</thread>
  <message>requesting quotes for auction 6 (Outflight 4)</message>
</record>
<record>
  <date>2016-02-23T11:01:42</date>
  <millis>1456221702503</millis>
  <sequence>5815</sequence>
  <logger>se.sics.tac.aw.TACMessage</logger>
  <level>FINEST</level>
  <class>se.sics.tac.aw.TACMessage</class>
  <method>setReceivedMessage</method>
  <thread>11</thread>
  <message>XML out: '&lt;getQuote&gt;&lt;auctionID&gt;175&lt;/auctionID&gt;&lt;/getQuote&gt;'</message>
</record>
<record>
  <date>2016-02-23T11:01:42</date>
  <millis>1456221702503</millis>
  <sequence>5816</sequence>
  <logger>se.sics.tac.aw.TACMessage</logger>
  <level>FINEST</level>
  <class>se.sics.tac.aw.TACMessage</class>
  <method>setReceivedMessage</method>
  <thread>11</thread>
  <message>XML in: '&lt;?xml version="1.0"?&gt;&lt;getQuote&gt;&lt;lastAskPrice&gt;364.0000&lt;/lastAskPrice&gt;&lt;lastBidPrice&gt;-1.0000&lt;/lastBidPrice&gt;&lt;lastQuoteTime&gt;1456221689&lt;/lastQuoteTime&gt;&lt;nextQuoteTime&gt;1456221717&lt;/nextQuoteTime&gt;&lt;finalClearTime&gt;1456221720&lt;/finalClearTime&gt;&lt;nextClearTime&gt;-1&lt;/nextClearTime&gt;&lt;lastClearPrice&gt;358.0000&lt;/lastClearPrice&gt;&lt;lastClearTime&gt;1456221662&lt;/lastClearTime&gt;&lt;auctionStatus&gt;1&lt;/auctionStatus&gt;&lt;commandStatus&gt;0&lt;/commandStatus&gt;&lt;/getQuote&gt;' responseTime: 5 avg: 13.0 count: 1694</message>
</record>
<record>
  <date>2016-02-23T11:01:42</date>
  <millis>1456221702503</millis>
  <sequence>5817</sequence>
  <logger>se.sics.tac.aw.DummyAgent</logger>
  <level>WARNING</level>
  <class>se.sics.tac.aw.Pascal</class>
  <method>bidRejected</method>
  <thread>11</thread>
  <message>Bid Rejected: -1</message>
</record>
<record>
  <date>2016-02-23T11:01:42</date>
  <millis>1456221702503</millis>
  <sequence>5818</sequence>
  <logger>se.sics.tac.aw.DummyAgent</logger>
  <level>WARNING</level>
  <class>se.sics.tac.aw.Pascal</class>
  <method>bidRejected</method>
  <thread>11</thread>
  <message>      Reason: 20 (active bid changed)</message>
</record>
<record>
  <date>2016-02-23T11:01:42</date>
  <millis>1456221702503</millis>
  <sequence>5819</sequence>
  <logger>se.sics.tac.aw.TACMessage</logger>
  <level>FINEST</level>
  <class>se.sics.tac.aw.TACMessage</class>
  <method>setReceivedMessage</method>
  <thread>11</thread>
  <message>requesting quotes for auction 7 (Outflight 5)</message>
</record>
<record>
  <date>2016-02-23T11:01:42</date>
  <millis>1456221702503</millis>
  <sequence>5820</sequence>
  <logger>se.sics.tac.aw.TACMessage</logger>
  <level>FINEST</level>
  <class>se.sics.tac.aw.TACMessage</class>
  <method>setReceivedMessage</method>
  <thread>11</thread>
  <message>XML out: '&lt;getQuote&gt;&lt;auctionID&gt;176&lt;/auctionID&gt;&lt;/getQuote&gt;'</message>
</record>
<record>
  <date>2016-02-23T11:01:42</date>
  <millis>1456221702503</millis>
  <sequence>5821</sequence>
  <logger>se.sics.tac.aw.TACMessage</logger>
  <level>FINEST</level>
  <class>se.sics.tac.aw.TACMessage</class>
  <method>setReceivedMessage</method>
  <thread>11</thread>
  <message>XML in: '&lt;?xml version="1.0"?&gt;&lt;getQuote&gt;&lt;lastAskPrice&gt;632.0000&lt;/lastAskPrice&gt;&lt;lastBidPrice&gt;-1.0000&lt;/lastBidPrice&gt;&lt;lastQuoteTime&gt;1456221677&lt;/lastQuoteTime&gt;&lt;nextQuoteTime&gt;1456221704&lt;/nextQuoteTime&gt;&lt;finalClearTime&gt;1456221720&lt;/finalClearTime&gt;&lt;nextClearTime&gt;-1&lt;/nextClearTime&gt;&lt;lastClearPrice&gt;616.0000&lt;/lastClearPrice&gt;&lt;lastClearTime&gt;1456221662&lt;/lastClearTime&gt;&lt;auctionStatus&gt;1&lt;/auctionStatus&gt;&lt;commandStatus&gt;0&lt;/commandStatus&gt;&lt;/getQuote&gt;' responseTime: 5 avg: 13.0 count: 1695</message>
</record>
<record>
  <date>2016-02-23T11:01:42</date>
  <millis>1456221702503</millis>
  <sequence>5822</sequence>
  <logger>se.sics.tac.aw.DummyAgent</logger>
  <level>WARNING</level>
  <class>se.sics.tac.aw.Pascal</class>
  <method>bidRejected</method>
  <thread>11</thread>
  <message>Bid Rejected: -1</message>
</record>
<record>
  <date>2016-02-23T11:01:42</date>
  <millis>1456221702503</millis>
  <sequence>5823</sequence>
  <logger>se.sics.tac.aw.DummyAgent</logger>
  <level>WARNING</level>
  <class>se.sics.tac.aw.Pascal</class>
  <method>bidRejected</method>
  <thread>11</thread>
  <message>      Reason: 20 (active bid changed)</message>
</record>
<record>
  <date>2016-02-23T11:01:42</date>
  <millis>1456221702503</millis>
  <sequence>5824</sequence>
  <logger>se.sics.tac.aw.DummyAgent</logger>
  <level>FINE</level>
  <class>se.sics.tac.aw.Pascal</class>
  <method>quoteUpdated</method>
  <thread>11</thread>
  <message>All quotes for flight has been updated</message>
</record>
<record>
  <date>2016-02-23T11:01:47</date>
  <millis>1456221707511</millis>
  <sequence>5825</sequence>
  <logger>se.sics.tac.aw.TACMessage</logger>
  <level>FINEST</level>
  <class>se.sics.tac.aw.TACMessage</class>
  <method>setReceivedMessage</method>
  <thread>11</thread>
  <message>XML out: '&lt;bidInfo&gt;&lt;bidID&gt;2852&lt;/bidID&gt;&lt;/bidInfo&gt;'</message>
</record>
<record>
  <date>2016-02-23T11:01:47</date>
  <millis>1456221707511</millis>
  <sequence>5826</sequence>
  <logger>se.sics.tac.aw.TACMessage</logger>
  <level>FINEST</level>
  <class>se.sics.tac.aw.TACMessage</class>
  <method>setReceivedMessage</method>
  <thread>11</thread>
  <message>XML in: '&lt;?xml version="1.0"?&gt;&lt;bidInfo&gt;&lt;bidString&gt;((-4.0 84.6820))&lt;/bidString&gt;&lt;bidHash&gt;((-4.0 84.6820))&lt;/bidHash&gt;&lt;processingState&gt;2&lt;/processingState&gt;&lt;timeProcessed&gt;1456221692&lt;/timeProcessed&gt;&lt;timeClosed&gt;0&lt;/timeClosed&gt;&lt;withdrawState&gt;0&lt;/withdrawState&gt;&lt;timeWithdrawRequest&gt;0&lt;/timeWithdrawRequest&gt;&lt;timeWithdraw&gt;0&lt;/timeWithdraw&gt;&lt;rejectReason&gt;0&lt;/rejectReason&gt;&lt;commandStatus&gt;0&lt;/commandStatus&gt;&lt;/bidInfo&gt;' responseTime: 0 avg: 13.0 count: 1696</message>
</record>
<record>
  <date>2016-02-23T11:01:47</date>
  <millis>1456221707511</millis>
  <sequence>5827</sequence>
  <logger>se.sics.tac.aw.DummyAgent</logger>
  <level>FINE</level>
  <class>se.sics.tac.aw.Pascal</class>
  <method>bidUpdated</method>
  <thread>11</thread>
  <message>Bid Updated: id=2852 auction=18 state=valid</message>
</record>
<record>
  <date>2016-02-23T11:01:47</date>
  <millis>1456221707511</millis>
  <sequence>5828</sequence>
  <logger>se.sics.tac.aw.DummyAgent</logger>
  <level>FINE</level>
  <class>se.sics.tac.aw.Pascal</class>
  <method>bidUpdated</method>
  <thread>11</thread>
  <message>       Hash: ((-4.0 84.6820))</message>
</record>
<record>
  <date>2016-02-23T11:01:47</date>
  <millis>1456221707513</millis>
  <sequence>5829</sequence>
  <logger>se.sics.tac.aw.TACMessage</logger>
  <level>FINEST</level>
  <class>se.sics.tac.aw.TACMessage</class>
  <method>setReceivedMessage</method>
  <thread>11</thread>
  <message>XML out: '&lt;bidInfo&gt;&lt;bidID&gt;2853&lt;/bidID&gt;&lt;/bidInfo&gt;'</message>
</record>
<record>
  <date>2016-02-23T11:01:47</date>
  <millis>1456221707513</millis>
  <sequence>5830</sequence>
  <logger>se.sics.tac.aw.TACMessage</logger>
  <level>FINEST</level>
  <class>se.sics.tac.aw.TACMessage</class>
  <method>setReceivedMessage</method>
  <thread>11</thread>
  <message>XML in: '&lt;?xml version="1.0"?&gt;&lt;bidInfo&gt;&lt;bidString&gt;((-1.0 84.6820))&lt;/bidString&gt;&lt;bidHash&gt;((-1.0 84.6820))&lt;/bidHash&gt;&lt;processingState&gt;2&lt;/processingState&gt;&lt;timeProcessed&gt;1456221692&lt;/timeProcessed&gt;&lt;timeClosed&gt;0&lt;/timeClosed&gt;&lt;withdrawState&gt;0&lt;/withdrawState&gt;&lt;timeWithdrawRequest&gt;0&lt;/timeWithdrawRequest&gt;&lt;timeWithdraw&gt;0&lt;/timeWithdraw&gt;&lt;rejectReason&gt;0&lt;/rejectReason&gt;&lt;commandStatus&gt;0&lt;/commandStatus&gt;&lt;/bidInfo&gt;' responseTime: 2 avg: 13.0 count: 1697</message>
</record>
<record>
  <date>2016-02-23T11:01:47</date>
  <millis>1456221707513</millis>
  <sequence>5831</sequence>
  <logger>se.sics.tac.aw.DummyAgent</logger>
  <level>FINE</level>
  <class>se.sics.tac.aw.Pascal</class>
  <method>bidUpdated</method>
  <thread>11</thread>
  <message>Bid Updated: id=2853 auction=20 state=valid</message>
</record>
<record>
  <date>2016-02-23T11:01:47</date>
  <millis>1456221707513</millis>
  <sequence>5832</sequence>
  <logger>se.sics.tac.aw.DummyAgent</logger>
  <level>FINE</level>
  <class>se.sics.tac.aw.Pascal</class>
  <method>bidUpdated</method>
  <thread>11</thread>
  <message>       Hash: ((-1.0 84.6820))</message>
</record>
<record>
  <date>2016-02-23T11:01:47</date>
  <millis>1456221707514</millis>
  <sequence>5833</sequence>
  <logger>se.sics.tac.aw.TACMessage</logger>
  <level>FINEST</level>
  <class>se.sics.tac.aw.TACMessage</class>
  <method>setReceivedMessage</method>
  <thread>11</thread>
  <message>XML out: '&lt;bidInfo&gt;&lt;bidID&gt;2854&lt;/bidID&gt;&lt;/bidInfo&gt;'</message>
</record>
<record>
  <date>2016-02-23T11:01:47</date>
  <millis>1456221707514</millis>
  <sequence>5834</sequence>
  <logger>se.sics.tac.aw.TACMessage</logger>
  <level>FINEST</level>
  <class>se.sics.tac.aw.TACMessage</class>
  <method>setReceivedMessage</method>
  <thread>11</thread>
  <message>XML in: '&lt;?xml version="1.0"?&gt;&lt;bidInfo&gt;&lt;bidString&gt;((-2.0 84.6793))&lt;/bidString&gt;&lt;bidHash&gt;((-2.0 84.6793))&lt;/bidHash&gt;&lt;processingState&gt;2&lt;/processingState&gt;&lt;timeProcessed&gt;1456221692&lt;/timeProcessed&gt;&lt;timeClosed&gt;0&lt;/timeClosed&gt;&lt;withdrawState&gt;0&lt;/withdrawState&gt;&lt;timeWithdrawRequest&gt;0&lt;/timeWithdrawRequest&gt;&lt;timeWithdraw&gt;0&lt;/timeWithdraw&gt;&lt;rejectReason&gt;0&lt;/rejectReason&gt;&lt;commandStatus&gt;0&lt;/commandStatus&gt;&lt;/bidInfo&gt;' responseTime: 3 avg: 13.0 count: 1698</message>
</record>
<record>
  <date>2016-02-23T11:01:47</date>
  <millis>1456221707514</millis>
  <sequence>5835</sequence>
  <logger>se.sics.tac.aw.DummyAgent</logger>
  <level>FINE</level>
  <class>se.sics.tac.aw.Pascal</class>
  <method>bidUpdated</method>
  <thread>11</thread>
  <message>Bid Updated: id=2854 auction=22 state=valid</message>
</record>
<record>
  <date>2016-02-23T11:01:47</date>
  <millis>1456221707514</millis>
  <sequence>5836</sequence>
  <logger>se.sics.tac.aw.DummyAgent</logger>
  <level>FINE</level>
  <class>se.sics.tac.aw.Pascal</class>
  <method>bidUpdated</method>
  <thread>11</thread>
  <message>       Hash: ((-2.0 84.6793))</message>
</record>
<record>
  <date>2016-02-23T11:01:47</date>
  <millis>1456221707515</millis>
  <sequence>5837</sequence>
  <logger>se.sics.tac.aw.TACMessage</logger>
  <level>FINEST</level>
  <class>se.sics.tac.aw.TACMessage</class>
  <method>setReceivedMessage</method>
  <thread>11</thread>
  <message>XML out: '&lt;transIDs&gt;&lt;earliestTransID&gt;1215&lt;/earliestTransID&gt;&lt;/transIDs&gt;'</message>
</record>
<record>
  <date>2016-02-23T11:01:47</date>
  <millis>1456221707515</millis>
  <sequence>5838</sequence>
  <logger>se.sics.tac.aw.TACMessage</logger>
  <level>FINEST</level>
  <class>se.sics.tac.aw.TACMessage</class>
  <method>setReceivedMessage</method>
  <thread>11</thread>
  <message>XML in: '&lt;?xml version="1.0"?&gt;&lt;transIDs&gt;&lt;ids&gt;&lt;list&gt;&lt;/list&gt;&lt;/ids&gt;&lt;more&gt;0&lt;/more&gt;&lt;commandStatus&gt;0&lt;/commandStatus&gt;&lt;/transIDs&gt;' responseTime: 4 avg: 13.0 count: 1699</message>
</record>
<record>
  <date>2016-02-23T11:01:52</date>
  <millis>1456221712515</millis>
  <sequence>5839</sequence>
  <logger>se.sics.tac.aw.TACMessage</logger>
  <level>FINEST</level>
  <class>se.sics.tac.aw.TACMessage</class>
  <method>setReceivedMessage</method>
  <thread>11</thread>
  <message>requesting quotes for auction 0 (Inflight 1)</message>
</record>
<record>
  <date>2016-02-23T11:01:52</date>
  <millis>1456221712515</millis>
  <sequence>5840</sequence>
  <logger>se.sics.tac.aw.TACMessage</logger>
  <level>FINEST</level>
  <class>se.sics.tac.aw.TACMessage</class>
  <method>setReceivedMessage</method>
  <thread>11</thread>
  <message>XML out: '&lt;getQuote&gt;&lt;auctionID&gt;169&lt;/auctionID&gt;&lt;/getQuote&gt;'</message>
</record>
<record>
  <date>2016-02-23T11:01:52</date>
  <millis>1456221712515</millis>
  <sequence>5841</sequence>
  <logger>se.sics.tac.aw.TACMessage</logger>
  <level>FINEST</level>
  <class>se.sics.tac.aw.TACMessage</class>
  <method>setReceivedMessage</method>
  <thread>11</thread>
  <message>XML in: '&lt;?xml version="1.0"?&gt;&lt;getQuote&gt;&lt;lastAskPrice&gt;584.0000&lt;/lastAskPrice&gt;&lt;lastBidPrice&gt;-1.0000&lt;/lastBidPrice&gt;&lt;lastQuoteTime&gt;1456221694&lt;/lastQuoteTime&gt;&lt;nextQuoteTime&gt;1456221725&lt;/nextQuoteTime&gt;&lt;finalClearTime&gt;1456221720&lt;/finalClearTime&gt;&lt;nextClearTime&gt;-1&lt;/nextClearTime&gt;&lt;lastClearPrice&gt;568.0000&lt;/lastClearPrice&gt;&lt;lastClearTime&gt;1456221662&lt;/lastClearTime&gt;&lt;auctionStatus&gt;1&lt;/auctionStatus&gt;&lt;commandStatus&gt;0&lt;/commandStatus&gt;&lt;/getQuote&gt;' responseTime: 0 avg: 13.0 count: 1700</message>
</record>
<record>
  <date>2016-02-23T11:01:52</date>
  <millis>1456221712515</millis>
  <sequence>5842</sequence>
  <logger>se.sics.tac.aw.DummyAgent</logger>
  <level>WARNING</level>
  <class>se.sics.tac.aw.Pascal</class>
  <method>bidRejected</method>
  <thread>11</thread>
  <message>Bid Rejected: -1</message>
</record>
<record>
  <date>2016-02-23T11:01:52</date>
  <millis>1456221712515</millis>
  <sequence>5843</sequence>
  <logger>se.sics.tac.aw.DummyAgent</logger>
  <level>WARNING</level>
  <class>se.sics.tac.aw.Pascal</class>
  <method>bidRejected</method>
  <thread>11</thread>
  <message>      Reason: 20 (active bid changed)</message>
</record>
<record>
  <date>2016-02-23T11:01:52</date>
  <millis>1456221712519</millis>
  <sequence>5844</sequence>
  <logger>se.sics.tac.aw.TACMessage</logger>
  <level>FINEST</level>
  <class>se.sics.tac.aw.TACMessage</class>
  <method>setReceivedMessage</method>
  <thread>11</thread>
  <message>requesting quotes for auction 1 (Inflight 2)</message>
</record>
<record>
  <date>2016-02-23T11:01:52</date>
  <millis>1456221712519</millis>
  <sequence>5845</sequence>
  <logger>se.sics.tac.aw.TACMessage</logger>
  <level>FINEST</level>
  <class>se.sics.tac.aw.TACMessage</class>
  <method>setReceivedMessage</method>
  <thread>11</thread>
  <message>XML out: '&lt;getQuote&gt;&lt;auctionID&gt;170&lt;/auctionID&gt;&lt;/getQuote&gt;'</message>
</record>
<record>
  <date>2016-02-23T11:01:52</date>
  <millis>1456221712519</millis>
  <sequence>5846</sequence>
  <logger>se.sics.tac.aw.TACMessage</logger>
  <level>FINEST</level>
  <class>se.sics.tac.aw.TACMessage</class>
  <method>setReceivedMessage</method>
  <thread>11</thread>
  <message>XML in: '&lt;?xml version="1.0"?&gt;&lt;getQuote&gt;&lt;lastAskPrice&gt;451.0000&lt;/lastAskPrice&gt;&lt;lastBidPrice&gt;-1.0000&lt;/lastBidPrice&gt;&lt;lastQuoteTime&gt;1456221699&lt;/lastQuoteTime&gt;&lt;nextQuoteTime&gt;1456221726&lt;/nextQuoteTime&gt;&lt;finalClearTime&gt;1456221720&lt;/finalClearTime&gt;&lt;nextClearTime&gt;-1&lt;/nextClearTime&gt;&lt;lastClearPrice&gt;438.0000&lt;/lastClearPrice&gt;&lt;lastClearTime&gt;1456221662&lt;/lastClearTime&gt;&lt;auctionStatus&gt;1&lt;/auctionStatus&gt;&lt;commandStatus&gt;0&lt;/commandStatus&gt;&lt;/getQuote&gt;' responseTime: 4 avg: 13.0 count: 1701</message>
</record>
<record>
  <date>2016-02-23T11:01:52</date>
  <millis>1456221712519</millis>
  <sequence>5847</sequence>
  <logger>se.sics.tac.aw.DummyAgent</logger>
  <level>WARNING</level>
  <class>se.sics.tac.aw.Pascal</class>
  <method>bidRejected</method>
  <thread>11</thread>
  <message>Bid Rejected: -1</message>
</record>
<record>
  <date>2016-02-23T11:01:52</date>
  <millis>1456221712519</millis>
  <sequence>5848</sequence>
  <logger>se.sics.tac.aw.DummyAgent</logger>
  <level>WARNING</level>
  <class>se.sics.tac.aw.Pascal</class>
  <method>bidRejected</method>
  <thread>11</thread>
  <message>      Reason: 20 (active bid changed)</message>
</record>
<record>
  <date>2016-02-23T11:01:52</date>
  <millis>1456221712520</millis>
  <sequence>5849</sequence>
  <logger>se.sics.tac.aw.TACMessage</logger>
  <level>FINEST</level>
  <class>se.sics.tac.aw.TACMessage</class>
  <method>setReceivedMessage</method>
  <thread>11</thread>
  <message>requesting quotes for auction 2 (Inflight 3)</message>
</record>
<record>
  <date>2016-02-23T11:01:52</date>
  <millis>1456221712520</millis>
  <sequence>5850</sequence>
  <logger>se.sics.tac.aw.TACMessage</logger>
  <level>FINEST</level>
  <class>se.sics.tac.aw.TACMessage</class>
  <method>setReceivedMessage</method>
  <thread>11</thread>
  <message>XML out: '&lt;getQuote&gt;&lt;auctionID&gt;171&lt;/auctionID&gt;&lt;/getQuote&gt;'</message>
</record>
<record>
  <date>2016-02-23T11:01:52</date>
  <millis>1456221712520</millis>
  <sequence>5851</sequence>
  <logger>se.sics.tac.aw.TACMessage</logger>
  <level>FINEST</level>
  <class>se.sics.tac.aw.TACMessage</class>
  <method>setReceivedMessage</method>
  <thread>11</thread>
  <message>XML in: '&lt;?xml version="1.0"?&gt;&lt;getQuote&gt;&lt;lastAskPrice&gt;320.0000&lt;/lastAskPrice&gt;&lt;lastBidPrice&gt;-1.0000&lt;/lastBidPrice&gt;&lt;lastQuoteTime&gt;1456221712&lt;/lastQuoteTime&gt;&lt;nextQuoteTime&gt;1456221740&lt;/nextQuoteTime&gt;&lt;finalClearTime&gt;1456221720&lt;/finalClearTime&gt;&lt;nextClearTime&gt;-1&lt;/nextClearTime&gt;&lt;lastClearPrice&gt;309.0000&lt;/lastClearPrice&gt;&lt;lastClearTime&gt;1456221662&lt;/lastClearTime&gt;&lt;auctionStatus&gt;1&lt;/auctionStatus&gt;&lt;commandStatus&gt;0&lt;/commandStatus&gt;&lt;/getQuote&gt;' responseTime: 5 avg: 13.0 count: 1702</message>
</record>
<record>
  <date>2016-02-23T11:01:52</date>
  <millis>1456221712520</millis>
  <sequence>5852</sequence>
  <logger>se.sics.tac.aw.DummyAgent</logger>
  <level>WARNING</level>
  <class>se.sics.tac.aw.Pascal</class>
  <method>bidRejected</method>
  <thread>11</thread>
  <message>Bid Rejected: -1</message>
</record>
<record>
  <date>2016-02-23T11:01:52</date>
  <millis>1456221712520</millis>
  <sequence>5853</sequence>
  <logger>se.sics.tac.aw.DummyAgent</logger>
  <level>WARNING</level>
  <class>se.sics.tac.aw.Pascal</class>
  <method>bidRejected</method>
  <thread>11</thread>
  <message>      Reason: 20 (active bid changed)</message>
</record>
<record>
  <date>2016-02-23T11:01:52</date>
  <millis>1456221712520</millis>
  <sequence>5854</sequence>
  <logger>se.sics.tac.aw.TACMessage</logger>
  <level>FINEST</level>
  <class>se.sics.tac.aw.TACMessage</class>
  <method>setReceivedMessage</method>
  <thread>11</thread>
  <message>requesting quotes for auction 3 (Inflight 4)</message>
</record>
<record>
  <date>2016-02-23T11:01:52</date>
  <millis>1456221712520</millis>
  <sequence>5855</sequence>
  <logger>se.sics.tac.aw.TACMessage</logger>
  <level>FINEST</level>
  <class>se.sics.tac.aw.TACMessage</class>
  <method>setReceivedMessage</method>
  <thread>11</thread>
  <message>XML out: '&lt;getQuote&gt;&lt;auctionID&gt;172&lt;/auctionID&gt;&lt;/getQuote&gt;'</message>
</record>
<record>
  <date>2016-02-23T11:01:52</date>
  <millis>1456221712520</millis>
  <sequence>5856</sequence>
  <logger>se.sics.tac.aw.TACMessage</logger>
  <level>FINEST</level>
  <class>se.sics.tac.aw.TACMessage</class>
  <method>setReceivedMessage</method>
  <thread>11</thread>
  <message>XML in: '&lt;?xml version="1.0"?&gt;&lt;getQuote&gt;&lt;lastAskPrice&gt;656.0000&lt;/lastAskPrice&gt;&lt;lastBidPrice&gt;-1.0000&lt;/lastBidPrice&gt;&lt;lastQuoteTime&gt;1456221705&lt;/lastQuoteTime&gt;&lt;nextQuoteTime&gt;1456221734&lt;/nextQuoteTime&gt;&lt;finalClearTime&gt;1456221720&lt;/finalClearTime&gt;&lt;nextClearTime&gt;-1&lt;/nextClearTime&gt;&lt;lastClearPrice&gt;359.0000&lt;/lastClearPrice&gt;&lt;lastClearTime&gt;1456221001&lt;/lastClearTime&gt;&lt;auctionStatus&gt;1&lt;/auctionStatus&gt;&lt;commandStatus&gt;0&lt;/commandStatus&gt;&lt;/getQuote&gt;' responseTime: 5 avg: 13.0 count: 1703</message>
</record>
<record>
  <date>2016-02-23T11:01:52</date>
  <millis>1456221712520</millis>
  <sequence>5857</sequence>
  <logger>se.sics.tac.aw.TACMessage</logger>
  <level>FINEST</level>
  <class>se.sics.tac.aw.TACMessage</class>
  <method>setReceivedMessage</method>
  <thread>11</thread>
  <message>requesting quotes for auction 4 (Outflight 2)</message>
</record>
<record>
  <date>2016-02-23T11:01:52</date>
  <millis>1456221712520</millis>
  <sequence>5858</sequence>
  <logger>se.sics.tac.aw.TACMessage</logger>
  <level>FINEST</level>
  <class>se.sics.tac.aw.TACMessage</class>
  <method>setReceivedMessage</method>
  <thread>11</thread>
  <message>XML out: '&lt;getQuote&gt;&lt;auctionID&gt;173&lt;/auctionID&gt;&lt;/getQuote&gt;'</message>
</record>
<record>
  <date>2016-02-23T11:01:52</date>
  <millis>1456221712520</millis>
  <sequence>5859</sequence>
  <logger>se.sics.tac.aw.TACMessage</logger>
  <level>FINEST</level>
  <class>se.sics.tac.aw.TACMessage</class>
  <method>setReceivedMessage</method>
  <thread>11</thread>
  <message>XML in: '&lt;?xml version="1.0"?&gt;&lt;getQuote&gt;&lt;lastAskPrice&gt;547.0000&lt;/lastAskPrice&gt;&lt;lastBidPrice&gt;-1.0000&lt;/lastBidPrice&gt;&lt;lastQuoteTime&gt;1456221705&lt;/lastQuoteTime&gt;&lt;nextQuoteTime&gt;1456221732&lt;/nextQuoteTime&gt;&lt;finalClearTime&gt;1456221720&lt;/finalClearTime&gt;&lt;nextClearTime&gt;-1&lt;/nextClearTime&gt;&lt;lastClearPrice&gt;519.0000&lt;/lastClearPrice&gt;&lt;lastClearTime&gt;1456221662&lt;/lastClearTime&gt;&lt;auctionStatus&gt;1&lt;/auctionStatus&gt;&lt;commandStatus&gt;0&lt;/commandStatus&gt;&lt;/getQuote&gt;' responseTime: 5 avg: 13.0 count: 1704</message>
</record>
<record>
  <date>2016-02-23T11:01:52</date>
  <millis>1456221712520</millis>
  <sequence>5860</sequence>
  <logger>se.sics.tac.aw.DummyAgent</logger>
  <level>WARNING</level>
  <class>se.sics.tac.aw.Pascal</class>
  <method>bidRejected</method>
  <thread>11</thread>
  <message>Bid Rejected: -1</message>
</record>
<record>
  <date>2016-02-23T11:01:52</date>
  <millis>1456221712520</millis>
  <sequence>5861</sequence>
  <logger>se.sics.tac.aw.DummyAgent</logger>
  <level>WARNING</level>
  <class>se.sics.tac.aw.Pascal</class>
  <method>bidRejected</method>
  <thread>11</thread>
  <message>      Reason: 20 (active bid changed)</message>
</record>
<record>
  <date>2016-02-23T11:01:52</date>
  <millis>1456221712520</millis>
  <sequence>5862</sequence>
  <logger>se.sics.tac.aw.TACMessage</logger>
  <level>FINEST</level>
  <class>se.sics.tac.aw.TACMessage</class>
  <method>setReceivedMessage</method>
  <thread>11</thread>
  <message>requesting quotes for auction 5 (Outflight 3)</message>
</record>
<record>
  <date>2016-02-23T11:01:52</date>
  <millis>1456221712520</millis>
  <sequence>5863</sequence>
  <logger>se.sics.tac.aw.TACMessage</logger>
  <level>FINEST</level>
  <class>se.sics.tac.aw.TACMessage</class>
  <method>setReceivedMessage</method>
  <thread>11</thread>
  <message>XML out: '&lt;getQuote&gt;&lt;auctionID&gt;174&lt;/auctionID&gt;&lt;/getQuote&gt;'</message>
</record>
<record>
  <date>2016-02-23T11:01:52</date>
  <millis>1456221712520</millis>
  <sequence>5864</sequence>
  <logger>se.sics.tac.aw.TACMessage</logger>
  <level>FINEST</level>
  <class>se.sics.tac.aw.TACMessage</class>
  <method>setReceivedMessage</method>
  <thread>11</thread>
  <message>XML in: '&lt;?xml version="1.0"?&gt;&lt;getQuote&gt;&lt;lastAskPrice&gt;437.0000&lt;/lastAskPrice&gt;&lt;lastBidPrice&gt;-1.0000&lt;/lastBidPrice&gt;&lt;lastQuoteTime&gt;1456221697&lt;/lastQuoteTime&gt;&lt;nextQuoteTime&gt;1456221728&lt;/nextQuoteTime&gt;&lt;finalClearTime&gt;1456221720&lt;/finalClearTime&gt;&lt;nextClearTime&gt;-1&lt;/nextClearTime&gt;&lt;lastClearPrice&gt;390.0000&lt;/lastClearPrice&gt;&lt;lastClearTime&gt;1456221662&lt;/lastClearTime&gt;&lt;auctionStatus&gt;1&lt;/auctionStatus&gt;&lt;commandStatus&gt;0&lt;/commandStatus&gt;&lt;/getQuote&gt;' responseTime: 5 avg: 13.0 count: 1705</message>
</record>
<record>
  <date>2016-02-23T11:01:52</date>
  <millis>1456221712520</millis>
  <sequence>5865</sequence>
  <logger>se.sics.tac.aw.DummyAgent</logger>
  <level>WARNING</level>
  <class>se.sics.tac.aw.Pascal</class>
  <method>bidRejected</method>
  <thread>11</thread>
  <message>Bid Rejected: -1</message>
</record>
<record>
  <date>2016-02-23T11:01:52</date>
  <millis>1456221712520</millis>
  <sequence>5866</sequence>
  <logger>se.sics.tac.aw.DummyAgent</logger>
  <level>WARNING</level>
  <class>se.sics.tac.aw.Pascal</class>
  <method>bidRejected</method>
  <thread>11</thread>
  <message>      Reason: 20 (active bid changed)</message>
</record>
<record>
  <date>2016-02-23T11:01:52</date>
  <millis>1456221712520</millis>
  <sequence>5867</sequence>
  <logger>se.sics.tac.aw.TACMessage</logger>
  <level>FINEST</level>
  <class>se.sics.tac.aw.TACMessage</class>
  <method>setReceivedMessage</method>
  <thread>11</thread>
  <message>requesting quotes for auction 6 (Outflight 4)</message>
</record>
<record>
  <date>2016-02-23T11:01:52</date>
  <millis>1456221712520</millis>
  <sequence>5868</sequence>
  <logger>se.sics.tac.aw.TACMessage</logger>
  <level>FINEST</level>
  <class>se.sics.tac.aw.TACMessage</class>
  <method>setReceivedMessage</method>
  <thread>11</thread>
  <message>XML out: '&lt;getQuote&gt;&lt;auctionID&gt;175&lt;/auctionID&gt;&lt;/getQuote&gt;'</message>
</record>
<record>
  <date>2016-02-23T11:01:52</date>
  <millis>1456221712520</millis>
  <sequence>5869</sequence>
  <logger>se.sics.tac.aw.TACMessage</logger>
  <level>FINEST</level>
  <class>se.sics.tac.aw.TACMessage</class>
  <method>setReceivedMessage</method>
  <thread>11</thread>
  <message>XML in: '&lt;?xml version="1.0"?&gt;&lt;getQuote&gt;&lt;lastAskPrice&gt;364.0000&lt;/lastAskPrice&gt;&lt;lastBidPrice&gt;-1.0000&lt;/lastBidPrice&gt;&lt;lastQuoteTime&gt;1456221689&lt;/lastQuoteTime&gt;&lt;nextQuoteTime&gt;1456221717&lt;/nextQuoteTime&gt;&lt;finalClearTime&gt;1456221720&lt;/finalClearTime&gt;&lt;nextClearTime&gt;-1&lt;/nextClearTime&gt;&lt;lastClearPrice&gt;358.0000&lt;/lastClearPrice&gt;&lt;lastClearTime&gt;1456221662&lt;/lastClearTime&gt;&lt;auctionStatus&gt;1&lt;/auctionStatus&gt;&lt;commandStatus&gt;0&lt;/commandStatus&gt;&lt;/getQuote&gt;' responseTime: 5 avg: 13.0 count: 1706</message>
</record>
<record>
  <date>2016-02-23T11:01:52</date>
  <millis>1456221712520</millis>
  <sequence>5870</sequence>
  <logger>se.sics.tac.aw.DummyAgent</logger>
  <level>WARNING</level>
  <class>se.sics.tac.aw.Pascal</class>
  <method>bidRejected</method>
  <thread>11</thread>
  <message>Bid Rejected: -1</message>
</record>
<record>
  <date>2016-02-23T11:01:52</date>
  <millis>1456221712520</millis>
  <sequence>5871</sequence>
  <logger>se.sics.tac.aw.DummyAgent</logger>
  <level>WARNING</level>
  <class>se.sics.tac.aw.Pascal</class>
  <method>bidRejected</method>
  <thread>11</thread>
  <message>      Reason: 20 (active bid changed)</message>
</record>
<record>
  <date>2016-02-23T11:01:52</date>
  <millis>1456221712520</millis>
  <sequence>5872</sequence>
  <logger>se.sics.tac.aw.TACMessage</logger>
  <level>FINEST</level>
  <class>se.sics.tac.aw.TACMessage</class>
  <method>setReceivedMessage</method>
  <thread>11</thread>
  <message>requesting quotes for auction 7 (Outflight 5)</message>
</record>
<record>
  <date>2016-02-23T11:01:52</date>
  <millis>1456221712520</millis>
  <sequence>5873</sequence>
  <logger>se.sics.tac.aw.TACMessage</logger>
  <level>FINEST</level>
  <class>se.sics.tac.aw.TACMessage</class>
  <method>setReceivedMessage</method>
  <thread>11</thread>
  <message>XML out: '&lt;getQuote&gt;&lt;auctionID&gt;176&lt;/auctionID&gt;&lt;/getQuote&gt;'</message>
</record>
<record>
  <date>2016-02-23T11:01:52</date>
  <millis>1456221712520</millis>
  <sequence>5874</sequence>
  <logger>se.sics.tac.aw.TACMessage</logger>
  <level>FINEST</level>
  <class>se.sics.tac.aw.TACMessage</class>
  <method>setReceivedMessage</method>
  <thread>11</thread>
  <message>XML in: '&lt;?xml version="1.0"?&gt;&lt;getQuote&gt;&lt;lastAskPrice&gt;668.0000&lt;/lastAskPrice&gt;&lt;lastBidPrice&gt;-1.0000&lt;/lastBidPrice&gt;&lt;lastQuoteTime&gt;1456221704&lt;/lastQuoteTime&gt;&lt;nextQuoteTime&gt;1456221731&lt;/nextQuoteTime&gt;&lt;finalClearTime&gt;1456221720&lt;/finalClearTime&gt;&lt;nextClearTime&gt;-1&lt;/nextClearTime&gt;&lt;lastClearPrice&gt;616.0000&lt;/lastClearPrice&gt;&lt;lastClearTime&gt;1456221662&lt;/lastClearTime&gt;&lt;auctionStatus&gt;1&lt;/auctionStatus&gt;&lt;commandStatus&gt;0&lt;/commandStatus&gt;&lt;/getQuote&gt;' responseTime: 5 avg: 13.0 count: 1707</message>
</record>
<record>
  <date>2016-02-23T11:01:52</date>
  <millis>1456221712520</millis>
  <sequence>5875</sequence>
  <logger>se.sics.tac.aw.DummyAgent</logger>
  <level>WARNING</level>
  <class>se.sics.tac.aw.Pascal</class>
  <method>bidRejected</method>
  <thread>11</thread>
  <message>Bid Rejected: -1</message>
</record>
<record>
  <date>2016-02-23T11:01:52</date>
  <millis>1456221712520</millis>
  <sequence>5876</sequence>
  <logger>se.sics.tac.aw.DummyAgent</logger>
  <level>WARNING</level>
  <class>se.sics.tac.aw.Pascal</class>
  <method>bidRejected</method>
  <thread>11</thread>
  <message>      Reason: 20 (active bid changed)</message>
</record>
<record>
  <date>2016-02-23T11:01:52</date>
  <millis>1456221712520</millis>
  <sequence>5877</sequence>
  <logger>se.sics.tac.aw.DummyAgent</logger>
  <level>FINE</level>
  <class>se.sics.tac.aw.Pascal</class>
  <method>quoteUpdated</method>
  <thread>11</thread>
  <message>All quotes for flight has been updated</message>
</record>
<record>
  <date>2016-02-23T11:02:02</date>
  <millis>1456221722531</millis>
  <sequence>5878</sequence>
  <logger>se.sics.tac.aw.TACAgent</logger>
  <level>FINE</level>
  <class>se.sics.tac.aw.TACAgent</class>
  <method>gameEnds</method>
  <thread>12</thread>
  <message>Game 22 has ended</message>
</record>
<record>
  <date>2016-02-23T11:02:02</date>
  <millis>1456221722531</millis>
  <sequence>5879</sequence>
  <logger>se.sics.tac.aw.TACMessage</logger>
  <level>FINEST</level>
  <class>se.sics.tac.aw.TACMessage</class>
  <method>setReceivedMessage</method>
  <thread>11</thread>
  <message>XML out: '&lt;transIDs&gt;&lt;earliestTransID&gt;1215&lt;/earliestTransID&gt;&lt;/transIDs&gt;'</message>
</record>
<record>
  <date>2016-02-23T11:02:02</date>
  <millis>1456221722531</millis>
  <sequence>5880</sequence>
  <logger>se.sics.tac.aw.TACMessage</logger>
  <level>FINEST</level>
  <class>se.sics.tac.aw.TACMessage</class>
  <method>setReceivedMessage</method>
  <thread>11</thread>
  <message>XML in: '&lt;?xml version="1.0"?&gt;&lt;transIDs&gt;&lt;ids&gt;&lt;list&gt;&lt;/list&gt;&lt;/ids&gt;&lt;more&gt;0&lt;/more&gt;&lt;commandStatus&gt;0&lt;/commandStatus&gt;&lt;/transIDs&gt;' responseTime: 0 avg: 13.0 count: 1708</message>
</record>
<record>
  <date>2016-02-23T11:02:02</date>
  <millis>1456221722531</millis>
  <sequence>5881</sequence>
  <logger>se.sics.tac.aw.DummyAgent</logger>
  <level>FINE</level>
  <class>se.sics.tac.aw.Pascal</class>
  <method>gameStopped</method>
  <thread>11</thread>
  <message>Game Stopped!</message>
</record>
<record>
  <date>2016-02-23T11:02:02</date>
  <millis>1456221722531</millis>
  <sequence>5882</sequence>
  <logger>se.sics.tac.aw.TACAgent</logger>
  <level>FINE</level>
  <class>se.sics.tac.util.LogFormatter</class>
  <method>separator</method>
  <thread>11</thread>
  <message>Game log complete
************************************************************
* Game log complete
************************************************************

</message>
</record>
<record>
  <date>2016-02-23T11:02:02</date>
  <millis>1456221722532</millis>
  <sequence>5883</sequence>
  <logger>se.sics.tac.aw.TACMessage</logger>
  <level>FINEST</level>
  <class>se.sics.tac.aw.TACMessage</class>
  <method>setReceivedMessage</method>
  <thread>11</thread>
  <message>XML out: '&lt;nextGame&gt;&lt;stat.avgResponseTime&gt;13.0&lt;/stat.avgResponseTime&gt;&lt;stat.messageCount&gt;1707&lt;/stat.messageCount&gt;&lt;/nextGame&gt;'</message>
</record>
<record>
  <date>2016-02-23T11:02:02</date>
  <millis>1456221722532</millis>
  <sequence>5883</sequence>
  <logger>se.sics.tac.aw.TACMessage</logger>
  <level>FINEST</level>
  <class>se.sics.tac.aw.TACMessage</class>
  <method>setReceivedMessage</method>
  <thread>11</thread>
  <message>XML out: '&lt;nextGame&gt;&lt;stat.avgResponseTime&gt;13.0&lt;/stat.avgResponseTime&gt;&lt;stat.messageCount&gt;1707&lt;/stat.messageCount&gt;&lt;/nextGame&gt;'</message>
</record>
<record>
  <date>2016-02-23T11:02:02</date>
  <millis>1456221722532</millis>
  <sequence>5884</sequence>
  <logger>se.sics.tac.aw.TACMessage</logger>
  <level>FINEST</level>
  <class>se.sics.tac.aw.TACMessage</class>
  <method>setReceivedMessage</method>
  <thread>11</thread>
  <message>XML in: '&lt;?xml version="1.0"?&gt;&lt;nextGame&gt;&lt;gameID&gt;23&lt;/gameID&gt;&lt;startTime&gt;1456221840&lt;/startTime&gt;&lt;gameType&gt;0&lt;/gameType&gt;&lt;commandStatus&gt;0&lt;/commandStatus&gt;&lt;/nextGame&gt;' responseTime: 1 avg: 13.0 count: 1709</message>
</record>
<record>
  <date>2016-02-23T11:02:02</date>
  <millis>1456221722532</millis>
  <sequence>5884</sequence>
  <logger>se.sics.tac.aw.TACMessage</logger>
  <level>FINEST</level>
  <class>se.sics.tac.aw.TACMessage</class>
  <method>setReceivedMessage</method>
  <thread>11</thread>
  <message>XML in: '&lt;?xml version="1.0"?&gt;&lt;nextGame&gt;&lt;gameID&gt;23&lt;/gameID&gt;&lt;startTime&gt;1456221840&lt;/startTime&gt;&lt;gameType&gt;0&lt;/gameType&gt;&lt;commandStatus&gt;0&lt;/commandStatus&gt;&lt;/nextGame&gt;' responseTime: 1 avg: 13.0 count: 1709</message>
</record>
<record>
  <date>2016-02-23T11:02:02</date>
  <millis>1456221722532</millis>
  <sequence>5885</sequence>
  <logger>se.sics.tac.aw.TACAgent</logger>
  <level>FINE</level>
  <class>se.sics.tac.aw.TACAgent</class>
  <method>handleNextGame</method>
  <thread>11</thread>
  <message>Next Game -&gt; 23 (should wait 118)</message>
</record>
<record>
  <date>2016-02-23T11:02:02</date>
  <millis>1456221722532</millis>
  <sequence>5885</sequence>
  <logger>se.sics.tac.aw.TACAgent</logger>
  <level>FINE</level>
  <class>se.sics.tac.aw.TACAgent</class>
  <method>handleNextGame</method>
  <thread>11</thread>
  <message>Next Game -&gt; 23 (should wait 118)</message>
</record>
<record>
  <date>2016-02-23T11:02:02</date>
  <millis>1456221722548</millis>
  <sequence>5886</sequence>
  <logger>se.sics.tac.aw.TACAgent</logger>
  <level>FINE</level>
  <class>se.sics.tac.aw.TACAgent</class>
  <method>reset</method>
  <thread>11</thread>
  <message>performing connection reset</message>
</record>
<record>
  <date>2016-02-23T11:02:02</date>
  <millis>1456221722548</millis>
  <sequence>5886</sequence>
  <logger>se.sics.tac.aw.TACAgent</logger>
  <level>FINE</level>
  <class>se.sics.tac.aw.TACAgent</class>
  <method>reset</method>
  <thread>11</thread>
  <message>performing connection reset</message>
</record>
