<?xml version="1.0" encoding="windows-1252" standalone="no"?>
<!DOCTYPE log SYSTEM "logger.dtd">
<log>
<record>
  <date>2016-02-25T13:56:31</date>
  <millis>1456404991948</millis>
  <sequence>0</sequence>
  <logger>se.sics.tac.aw.TACAgent</logger>
  <level>FINE</level>
  <class>se.sics.tac.aw.TACAgent</class>
  <method>&lt;init&gt;</method>
  <thread>1</thread>
  <message>Starting TAC AgentWare version Beta 9</message>
</record>
<record>
  <date>2016-02-25T13:56:31</date>
  <millis>1456404991948</millis>
  <sequence>1</sequence>
  <logger>se.sics.tac.aw.TACAgent</logger>
  <level>FINE</level>
  <class>se.sics.tac.aw.TACAgent</class>
  <method>&lt;init&gt;</method>
  <thread>1</thread>
  <message>Using agent implementation se.sics.tac.aw.Pascal</message>
</record>
<record>
  <date>2016-02-25T13:56:31</date>
  <millis>1456404991948</millis>
  <sequence>2</sequence>
  <logger>se.sics.tac.aw.TACAgent</logger>
  <level>FINE</level>
  <class>se.sics.tac.aw.TACAgent</class>
  <method>&lt;init&gt;</method>
  <thread>1</thread>
  <message>Using TAC server romainfontaine.xyz at port 6500</message>
</record>
<record>
  <date>2016-02-25T13:56:31</date>
  <millis>1456404991948</millis>
  <sequence>3</sequence>
  <logger>se.sics.tac.aw.TACReader</logger>
  <level>FINE</level>
  <class>se.sics.tac.aw.TACReader</class>
  <method>doConnect</method>
  <thread>1</thread>
  <message>Connecting to server romainfontaine.xyz:6500</message>
</record>
<record>
  <date>2016-02-25T13:56:32</date>
  <millis>1456404992089</millis>
  <sequence>4</sequence>
  <logger>se.sics.tac.aw.TACMessage</logger>
  <level>FINEST</level>
  <class>se.sics.tac.aw.TACMessage</class>
  <method>setReceivedMessage</method>
  <thread>11</thread>
  <message>XML out: '&lt;auth&gt;&lt;userName&gt;PASCAL&lt;/userName&gt;&lt;userPW&gt;PASCAL&lt;/userPW&gt;&lt;/auth&gt;'</message>
</record>
<record>
  <date>2016-02-25T13:56:32</date>
  <millis>1456404992089</millis>
  <sequence>5</sequence>
  <logger>se.sics.tac.aw.TACMessage</logger>
  <level>FINEST</level>
  <class>se.sics.tac.aw.TACMessage</class>
  <method>setReceivedMessage</method>
  <thread>11</thread>
  <message>XML in: '&lt;?xml version="1.0"?&gt;&lt;auth&gt;&lt;commandStatus&gt;2&lt;/commandStatus&gt;&lt;/auth&gt;' responseTime: 47 avg: 47.0 count: 1</message>
</record>
<record>
  <date>2016-02-25T13:56:32</date>
  <millis>1456404992089</millis>
  <sequence>6</sequence>
  <logger>se.sics.tac.aw.TACAgent</logger>
  <level>SEVERE</level>
  <class>se.sics.tac.aw.TACAgent</class>
  <method>fatalError</method>
  <thread>11</thread>
  <message>************************************************************</message>
</record>
<record>
  <date>2016-02-25T13:56:32</date>
  <millis>1456404992089</millis>
  <sequence>7</sequence>
  <logger>se.sics.tac.aw.TACAgent</logger>
  <level>SEVERE</level>
  <class>se.sics.tac.aw.TACAgent</class>
  <method>fatalError</method>
  <thread>11</thread>
  <message>* FATAL ERROR: Failed to login as PASCAL: status=agent not auth</message>
</record>
<record>
  <date>2016-02-25T13:56:32</date>
  <millis>1456404992089</millis>
  <sequence>8</sequence>
  <logger>se.sics.tac.aw.TACAgent</logger>
  <level>SEVERE</level>
  <class>se.sics.tac.aw.TACAgent</class>
  <method>fatalError</method>
  <thread>11</thread>
  <message>************************************************************</message>
</record>
</log>
