<?xml version="1.0" encoding="windows-1252" standalone="no"?>
<!DOCTYPE log SYSTEM "logger.dtd">
<log>
<record>
  <date>2016-02-25T13:55:43</date>
  <millis>1456404943742</millis>
  <sequence>0</sequence>
  <logger>se.sics.tac.aw.TACAgent</logger>
  <level>FINE</level>
  <class>se.sics.tac.aw.TACAgent</class>
  <method>&lt;init&gt;</method>
  <thread>1</thread>
  <message>Starting TAC AgentWare version Beta 9</message>
</record>
<record>
  <date>2016-02-25T13:55:43</date>
  <millis>1456404943742</millis>
  <sequence>1</sequence>
  <logger>se.sics.tac.aw.TACAgent</logger>
  <level>FINE</level>
  <class>se.sics.tac.aw.TACAgent</class>
  <method>&lt;init&gt;</method>
  <thread>1</thread>
  <message>Using agent implementation se.sics.tac.aw.Pascal</message>
</record>
<record>
  <date>2016-02-25T13:55:43</date>
  <millis>1456404943751</millis>
  <sequence>2</sequence>
  <logger>se.sics.tac.aw.TACAgent</logger>
  <level>FINE</level>
  <class>se.sics.tac.aw.TACAgent</class>
  <method>&lt;init&gt;</method>
  <thread>1</thread>
  <message>Using TAC server romain-fontaine.xyz at port 6500</message>
</record>
<record>
  <date>2016-02-25T13:55:43</date>
  <millis>1456404943755</millis>
  <sequence>3</sequence>
  <logger>se.sics.tac.aw.TACReader</logger>
  <level>FINE</level>
  <class>se.sics.tac.aw.TACReader</class>
  <method>doConnect</method>
  <thread>1</thread>
  <message>Connecting to server romain-fontaine.xyz:6500</message>
</record>
<record>
  <date>2016-02-25T13:55:43</date>
  <millis>1456404943768</millis>
  <sequence>4</sequence>
  <logger>se.sics.tac.aw.TACReader</logger>
  <level>SEVERE</level>
  <class>se.sics.tac.aw.TACReader</class>
  <method>doConnect</method>
  <thread>1</thread>
  <message>connection to server failed:</message>
  <exception>
    <message>java.net.UnknownHostException: romain-fontaine.xyz</message>
    <frame>
      <class>java.net.AbstractPlainSocketImpl</class>
      <method>connect</method>
    </frame>
    <frame>
      <class>java.net.PlainSocketImpl</class>
      <method>connect</method>
    </frame>
    <frame>
      <class>java.net.SocksSocketImpl</class>
      <method>connect</method>
    </frame>
    <frame>
      <class>java.net.Socket</class>
      <method>connect</method>
    </frame>
    <frame>
      <class>java.net.Socket</class>
      <method>connect</method>
    </frame>
    <frame>
      <class>java.net.Socket</class>
      <method>&lt;init&gt;</method>
    </frame>
    <frame>
      <class>java.net.Socket</class>
      <method>&lt;init&gt;</method>
    </frame>
    <frame>
      <class>se.sics.tac.aw.TACReader</class>
      <method>doConnect</method>
      <line>124</line>
    </frame>
    <frame>
      <class>se.sics.tac.aw.TACReader</class>
      <method>init</method>
      <line>49</line>
    </frame>
    <frame>
      <class>se.sics.tac.aw.TACConnection</class>
      <method>init</method>
      <line>35</line>
    </frame>
    <frame>
      <class>se.sics.tac.aw.TACAgent</class>
      <method>connect</method>
      <line>394</line>
    </frame>
    <frame>
      <class>se.sics.tac.aw.TACAgent</class>
      <method>&lt;init&gt;</method>
      <line>341</line>
    </frame>
    <frame>
      <class>se.sics.tac.aw.TACAgent</class>
      <method>main</method>
      <line>2176</line>
    </frame>
    <frame>
      <class>se.sics.tac.aw.Pascal</class>
      <method>main</method>
      <line>453</line>
    </frame>
  </exception>
</record>
<record>
  <date>2016-02-25T13:55:43</date>
  <millis>1456404943768</millis>
  <sequence>5</sequence>
  <logger>se.sics.tac.aw.TACAgent</logger>
  <level>WARNING</level>
  <class>se.sics.tac.aw.TACAgent</class>
  <method>connect</method>
  <thread>1</thread>
  <message>could not connect to server romain-fontaine.xyz at port 6500 (will retry in 5 seconds)</message>
</record>
<record>
  <date>2016-02-25T13:55:48</date>
  <millis>1456404948768</millis>
  <sequence>6</sequence>
  <logger>se.sics.tac.aw.TACReader</logger>
  <level>FINE</level>
  <class>se.sics.tac.aw.TACReader</class>
  <method>doConnect</method>
  <thread>1</thread>
  <message>Connecting to server romain-fontaine.xyz:6500</message>
</record>
<record>
  <date>2016-02-25T13:55:48</date>
  <millis>1456404948769</millis>
  <sequence>7</sequence>
  <logger>se.sics.tac.aw.TACReader</logger>
  <level>SEVERE</level>
  <class>se.sics.tac.aw.TACReader</class>
  <method>doConnect</method>
  <thread>1</thread>
  <message>connection to server failed:</message>
  <exception>
    <message>java.net.UnknownHostException: romain-fontaine.xyz</message>
    <frame>
      <class>java.net.AbstractPlainSocketImpl</class>
      <method>connect</method>
    </frame>
    <frame>
      <class>java.net.PlainSocketImpl</class>
      <method>connect</method>
    </frame>
    <frame>
      <class>java.net.SocksSocketImpl</class>
      <method>connect</method>
    </frame>
    <frame>
      <class>java.net.Socket</class>
      <method>connect</method>
    </frame>
    <frame>
      <class>java.net.Socket</class>
      <method>connect</method>
    </frame>
    <frame>
      <class>java.net.Socket</class>
      <method>&lt;init&gt;</method>
    </frame>
    <frame>
      <class>java.net.Socket</class>
      <method>&lt;init&gt;</method>
    </frame>
    <frame>
      <class>se.sics.tac.aw.TACReader</class>
      <method>doConnect</method>
      <line>124</line>
    </frame>
    <frame>
      <class>se.sics.tac.aw.TACReader</class>
      <method>init</method>
      <line>49</line>
    </frame>
    <frame>
      <class>se.sics.tac.aw.TACConnection</class>
      <method>init</method>
      <line>35</line>
    </frame>
    <frame>
      <class>se.sics.tac.aw.TACAgent</class>
      <method>connect</method>
      <line>394</line>
    </frame>
    <frame>
      <class>se.sics.tac.aw.TACAgent</class>
      <method>&lt;init&gt;</method>
      <line>341</line>
    </frame>
    <frame>
      <class>se.sics.tac.aw.TACAgent</class>
      <method>main</method>
      <line>2176</line>
    </frame>
    <frame>
      <class>se.sics.tac.aw.Pascal</class>
      <method>main</method>
      <line>453</line>
    </frame>
  </exception>
</record>
<record>
  <date>2016-02-25T13:55:48</date>
  <millis>1456404948770</millis>
  <sequence>8</sequence>
  <logger>se.sics.tac.aw.TACAgent</logger>
  <level>WARNING</level>
  <class>se.sics.tac.aw.TACAgent</class>
  <method>connect</method>
  <thread>1</thread>
  <message>could not connect to server romain-fontaine.xyz at port 6500 (will retry in 5 seconds)</message>
</record>
<record>
  <date>2016-02-25T13:55:53</date>
  <millis>1456404953770</millis>
  <sequence>9</sequence>
  <logger>se.sics.tac.aw.TACReader</logger>
  <level>FINE</level>
  <class>se.sics.tac.aw.TACReader</class>
  <method>doConnect</method>
  <thread>1</thread>
  <message>Connecting to server romain-fontaine.xyz:6500</message>
</record>
<record>
  <date>2016-02-25T13:55:53</date>
  <millis>1456404953772</millis>
  <sequence>10</sequence>
  <logger>se.sics.tac.aw.TACReader</logger>
  <level>SEVERE</level>
  <class>se.sics.tac.aw.TACReader</class>
  <method>doConnect</method>
  <thread>1</thread>
  <message>connection to server failed:</message>
  <exception>
    <message>java.net.UnknownHostException: romain-fontaine.xyz</message>
    <frame>
      <class>java.net.AbstractPlainSocketImpl</class>
      <method>connect</method>
    </frame>
    <frame>
      <class>java.net.PlainSocketImpl</class>
      <method>connect</method>
    </frame>
    <frame>
      <class>java.net.SocksSocketImpl</class>
      <method>connect</method>
    </frame>
    <frame>
      <class>java.net.Socket</class>
      <method>connect</method>
    </frame>
    <frame>
      <class>java.net.Socket</class>
      <method>connect</method>
    </frame>
    <frame>
      <class>java.net.Socket</class>
      <method>&lt;init&gt;</method>
    </frame>
    <frame>
      <class>java.net.Socket</class>
      <method>&lt;init&gt;</method>
    </frame>
    <frame>
      <class>se.sics.tac.aw.TACReader</class>
      <method>doConnect</method>
      <line>124</line>
    </frame>
    <frame>
      <class>se.sics.tac.aw.TACReader</class>
      <method>init</method>
      <line>49</line>
    </frame>
    <frame>
      <class>se.sics.tac.aw.TACConnection</class>
      <method>init</method>
      <line>35</line>
    </frame>
    <frame>
      <class>se.sics.tac.aw.TACAgent</class>
      <method>connect</method>
      <line>394</line>
    </frame>
    <frame>
      <class>se.sics.tac.aw.TACAgent</class>
      <method>&lt;init&gt;</method>
      <line>341</line>
    </frame>
    <frame>
      <class>se.sics.tac.aw.TACAgent</class>
      <method>main</method>
      <line>2176</line>
    </frame>
    <frame>
      <class>se.sics.tac.aw.Pascal</class>
      <method>main</method>
      <line>453</line>
    </frame>
  </exception>
</record>
<record>
  <date>2016-02-25T13:55:53</date>
  <millis>1456404953774</millis>
  <sequence>11</sequence>
  <logger>se.sics.tac.aw.TACAgent</logger>
  <level>WARNING</level>
  <class>se.sics.tac.aw.TACAgent</class>
  <method>connect</method>
  <thread>1</thread>
  <message>could not connect to server romain-fontaine.xyz at port 6500 (will retry in 5 seconds)</message>
</record>
<record>
  <date>2016-02-25T13:55:58</date>
  <millis>1456404958774</millis>
  <sequence>12</sequence>
  <logger>se.sics.tac.aw.TACReader</logger>
  <level>FINE</level>
  <class>se.sics.tac.aw.TACReader</class>
  <method>doConnect</method>
  <thread>1</thread>
  <message>Connecting to server romain-fontaine.xyz:6500</message>
</record>
<record>
  <date>2016-02-25T13:55:58</date>
  <millis>1456404958776</millis>
  <sequence>13</sequence>
  <logger>se.sics.tac.aw.TACReader</logger>
  <level>SEVERE</level>
  <class>se.sics.tac.aw.TACReader</class>
  <method>doConnect</method>
  <thread>1</thread>
  <message>connection to server failed:</message>
  <exception>
    <message>java.net.UnknownHostException: romain-fontaine.xyz</message>
    <frame>
      <class>java.net.AbstractPlainSocketImpl</class>
      <method>connect</method>
    </frame>
    <frame>
      <class>java.net.PlainSocketImpl</class>
      <method>connect</method>
    </frame>
    <frame>
      <class>java.net.SocksSocketImpl</class>
      <method>connect</method>
    </frame>
    <frame>
      <class>java.net.Socket</class>
      <method>connect</method>
    </frame>
    <frame>
      <class>java.net.Socket</class>
      <method>connect</method>
    </frame>
    <frame>
      <class>java.net.Socket</class>
      <method>&lt;init&gt;</method>
    </frame>
    <frame>
      <class>java.net.Socket</class>
      <method>&lt;init&gt;</method>
    </frame>
    <frame>
      <class>se.sics.tac.aw.TACReader</class>
      <method>doConnect</method>
      <line>124</line>
    </frame>
    <frame>
      <class>se.sics.tac.aw.TACReader</class>
      <method>init</method>
      <line>49</line>
    </frame>
    <frame>
      <class>se.sics.tac.aw.TACConnection</class>
      <method>init</method>
      <line>35</line>
    </frame>
    <frame>
      <class>se.sics.tac.aw.TACAgent</class>
      <method>connect</method>
      <line>394</line>
    </frame>
    <frame>
      <class>se.sics.tac.aw.TACAgent</class>
      <method>&lt;init&gt;</method>
      <line>341</line>
    </frame>
    <frame>
      <class>se.sics.tac.aw.TACAgent</class>
      <method>main</method>
      <line>2176</line>
    </frame>
    <frame>
      <class>se.sics.tac.aw.Pascal</class>
      <method>main</method>
      <line>453</line>
    </frame>
  </exception>
</record>
<record>
  <date>2016-02-25T13:55:58</date>
  <millis>1456404958778</millis>
  <sequence>14</sequence>
  <logger>se.sics.tac.aw.TACAgent</logger>
  <level>WARNING</level>
  <class>se.sics.tac.aw.TACAgent</class>
  <method>connect</method>
  <thread>1</thread>
  <message>could not connect to server romain-fontaine.xyz at port 6500 (will retry in 5 seconds)</message>
</record>
<record>
  <date>2016-02-25T13:56:03</date>
  <millis>1456404963780</millis>
  <sequence>15</sequence>
  <logger>se.sics.tac.aw.TACReader</logger>
  <level>FINE</level>
  <class>se.sics.tac.aw.TACReader</class>
  <method>doConnect</method>
  <thread>1</thread>
  <message>Connecting to server romain-fontaine.xyz:6500</message>
</record>
<record>
  <date>2016-02-25T13:56:03</date>
  <millis>1456404963781</millis>
  <sequence>16</sequence>
  <logger>se.sics.tac.aw.TACReader</logger>
  <level>SEVERE</level>
  <class>se.sics.tac.aw.TACReader</class>
  <method>doConnect</method>
  <thread>1</thread>
  <message>connection to server failed:</message>
  <exception>
    <message>java.net.UnknownHostException: romain-fontaine.xyz</message>
    <frame>
      <class>java.net.AbstractPlainSocketImpl</class>
      <method>connect</method>
    </frame>
    <frame>
      <class>java.net.PlainSocketImpl</class>
      <method>connect</method>
    </frame>
    <frame>
      <class>java.net.SocksSocketImpl</class>
      <method>connect</method>
    </frame>
    <frame>
      <class>java.net.Socket</class>
      <method>connect</method>
    </frame>
    <frame>
      <class>java.net.Socket</class>
      <method>connect</method>
    </frame>
    <frame>
      <class>java.net.Socket</class>
      <method>&lt;init&gt;</method>
    </frame>
    <frame>
      <class>java.net.Socket</class>
      <method>&lt;init&gt;</method>
    </frame>
    <frame>
      <class>se.sics.tac.aw.TACReader</class>
      <method>doConnect</method>
      <line>124</line>
    </frame>
    <frame>
      <class>se.sics.tac.aw.TACReader</class>
      <method>init</method>
      <line>49</line>
    </frame>
    <frame>
      <class>se.sics.tac.aw.TACConnection</class>
      <method>init</method>
      <line>35</line>
    </frame>
    <frame>
      <class>se.sics.tac.aw.TACAgent</class>
      <method>connect</method>
      <line>394</line>
    </frame>
    <frame>
      <class>se.sics.tac.aw.TACAgent</class>
      <method>&lt;init&gt;</method>
      <line>341</line>
    </frame>
    <frame>
      <class>se.sics.tac.aw.TACAgent</class>
      <method>main</method>
      <line>2176</line>
    </frame>
    <frame>
      <class>se.sics.tac.aw.Pascal</class>
      <method>main</method>
      <line>453</line>
    </frame>
  </exception>
</record>
<record>
  <date>2016-02-25T13:56:03</date>
  <millis>1456404963782</millis>
  <sequence>17</sequence>
  <logger>se.sics.tac.aw.TACAgent</logger>
  <level>WARNING</level>
  <class>se.sics.tac.aw.TACAgent</class>
  <method>connect</method>
  <thread>1</thread>
  <message>could not connect to server romain-fontaine.xyz at port 6500 (will retry in 5 seconds)</message>
</record>
<record>
  <date>2016-02-25T13:56:08</date>
  <millis>1456404968785</millis>
  <sequence>18</sequence>
  <logger>se.sics.tac.aw.TACReader</logger>
  <level>FINE</level>
  <class>se.sics.tac.aw.TACReader</class>
  <method>doConnect</method>
  <thread>1</thread>
  <message>Connecting to server romain-fontaine.xyz:6500</message>
</record>
<record>
  <date>2016-02-25T13:56:08</date>
  <millis>1456404968787</millis>
  <sequence>19</sequence>
  <logger>se.sics.tac.aw.TACReader</logger>
  <level>SEVERE</level>
  <class>se.sics.tac.aw.TACReader</class>
  <method>doConnect</method>
  <thread>1</thread>
  <message>connection to server failed:</message>
  <exception>
    <message>java.net.UnknownHostException: romain-fontaine.xyz</message>
    <frame>
      <class>java.net.AbstractPlainSocketImpl</class>
      <method>connect</method>
    </frame>
    <frame>
      <class>java.net.PlainSocketImpl</class>
      <method>connect</method>
    </frame>
    <frame>
      <class>java.net.SocksSocketImpl</class>
      <method>connect</method>
    </frame>
    <frame>
      <class>java.net.Socket</class>
      <method>connect</method>
    </frame>
    <frame>
      <class>java.net.Socket</class>
      <method>connect</method>
    </frame>
    <frame>
      <class>java.net.Socket</class>
      <method>&lt;init&gt;</method>
    </frame>
    <frame>
      <class>java.net.Socket</class>
      <method>&lt;init&gt;</method>
    </frame>
    <frame>
      <class>se.sics.tac.aw.TACReader</class>
      <method>doConnect</method>
      <line>124</line>
    </frame>
    <frame>
      <class>se.sics.tac.aw.TACReader</class>
      <method>init</method>
      <line>49</line>
    </frame>
    <frame>
      <class>se.sics.tac.aw.TACConnection</class>
      <method>init</method>
      <line>35</line>
    </frame>
    <frame>
      <class>se.sics.tac.aw.TACAgent</class>
      <method>connect</method>
      <line>394</line>
    </frame>
    <frame>
      <class>se.sics.tac.aw.TACAgent</class>
      <method>&lt;init&gt;</method>
      <line>341</line>
    </frame>
    <frame>
      <class>se.sics.tac.aw.TACAgent</class>
      <method>main</method>
      <line>2176</line>
    </frame>
    <frame>
      <class>se.sics.tac.aw.Pascal</class>
      <method>main</method>
      <line>453</line>
    </frame>
  </exception>
</record>
<record>
  <date>2016-02-25T13:56:08</date>
  <millis>1456404968788</millis>
  <sequence>20</sequence>
  <logger>se.sics.tac.aw.TACAgent</logger>
  <level>WARNING</level>
  <class>se.sics.tac.aw.TACAgent</class>
  <method>connect</method>
  <thread>1</thread>
  <message>could not connect to server romain-fontaine.xyz at port 6500 (will retry in 5 seconds)</message>
</record>
<record>
  <date>2016-02-25T13:56:13</date>
  <millis>1456404973789</millis>
  <sequence>21</sequence>
  <logger>se.sics.tac.aw.TACReader</logger>
  <level>FINE</level>
  <class>se.sics.tac.aw.TACReader</class>
  <method>doConnect</method>
  <thread>1</thread>
  <message>Connecting to server romain-fontaine.xyz:6500</message>
</record>
<record>
  <date>2016-02-25T13:56:13</date>
  <millis>1456404973791</millis>
  <sequence>22</sequence>
  <logger>se.sics.tac.aw.TACReader</logger>
  <level>SEVERE</level>
  <class>se.sics.tac.aw.TACReader</class>
  <method>doConnect</method>
  <thread>1</thread>
  <message>connection to server failed:</message>
  <exception>
    <message>java.net.UnknownHostException: romain-fontaine.xyz</message>
    <frame>
      <class>java.net.AbstractPlainSocketImpl</class>
      <method>connect</method>
    </frame>
    <frame>
      <class>java.net.PlainSocketImpl</class>
      <method>connect</method>
    </frame>
    <frame>
      <class>java.net.SocksSocketImpl</class>
      <method>connect</method>
    </frame>
    <frame>
      <class>java.net.Socket</class>
      <method>connect</method>
    </frame>
    <frame>
      <class>java.net.Socket</class>
      <method>connect</method>
    </frame>
    <frame>
      <class>java.net.Socket</class>
      <method>&lt;init&gt;</method>
    </frame>
    <frame>
      <class>java.net.Socket</class>
      <method>&lt;init&gt;</method>
    </frame>
    <frame>
      <class>se.sics.tac.aw.TACReader</class>
      <method>doConnect</method>
      <line>124</line>
    </frame>
    <frame>
      <class>se.sics.tac.aw.TACReader</class>
      <method>init</method>
      <line>49</line>
    </frame>
    <frame>
      <class>se.sics.tac.aw.TACConnection</class>
      <method>init</method>
      <line>35</line>
    </frame>
    <frame>
      <class>se.sics.tac.aw.TACAgent</class>
      <method>connect</method>
      <line>394</line>
    </frame>
    <frame>
      <class>se.sics.tac.aw.TACAgent</class>
      <method>&lt;init&gt;</method>
      <line>341</line>
    </frame>
    <frame>
      <class>se.sics.tac.aw.TACAgent</class>
      <method>main</method>
      <line>2176</line>
    </frame>
    <frame>
      <class>se.sics.tac.aw.Pascal</class>
      <method>main</method>
      <line>453</line>
    </frame>
  </exception>
</record>
<record>
  <date>2016-02-25T13:56:13</date>
  <millis>1456404973792</millis>
  <sequence>23</sequence>
  <logger>se.sics.tac.aw.TACAgent</logger>
  <level>WARNING</level>
  <class>se.sics.tac.aw.TACAgent</class>
  <method>connect</method>
  <thread>1</thread>
  <message>could not connect to server romain-fontaine.xyz at port 6500 (will retry in 5 seconds)</message>
</record>
<record>
  <date>2016-02-25T13:56:18</date>
  <millis>1456404978798</millis>
  <sequence>24</sequence>
  <logger>se.sics.tac.aw.TACReader</logger>
  <level>FINE</level>
  <class>se.sics.tac.aw.TACReader</class>
  <method>doConnect</method>
  <thread>1</thread>
  <message>Connecting to server romain-fontaine.xyz:6500</message>
</record>
<record>
  <date>2016-02-25T13:56:18</date>
  <millis>1456404978798</millis>
  <sequence>25</sequence>
  <logger>se.sics.tac.aw.TACReader</logger>
  <level>SEVERE</level>
  <class>se.sics.tac.aw.TACReader</class>
  <method>doConnect</method>
  <thread>1</thread>
  <message>connection to server failed:</message>
  <exception>
    <message>java.net.UnknownHostException: romain-fontaine.xyz</message>
    <frame>
      <class>java.net.AbstractPlainSocketImpl</class>
      <method>connect</method>
    </frame>
    <frame>
      <class>java.net.PlainSocketImpl</class>
      <method>connect</method>
    </frame>
    <frame>
      <class>java.net.SocksSocketImpl</class>
      <method>connect</method>
    </frame>
    <frame>
      <class>java.net.Socket</class>
      <method>connect</method>
    </frame>
    <frame>
      <class>java.net.Socket</class>
      <method>connect</method>
    </frame>
    <frame>
      <class>java.net.Socket</class>
      <method>&lt;init&gt;</method>
    </frame>
    <frame>
      <class>java.net.Socket</class>
      <method>&lt;init&gt;</method>
    </frame>
    <frame>
      <class>se.sics.tac.aw.TACReader</class>
      <method>doConnect</method>
      <line>124</line>
    </frame>
    <frame>
      <class>se.sics.tac.aw.TACReader</class>
      <method>init</method>
      <line>49</line>
    </frame>
    <frame>
      <class>se.sics.tac.aw.TACConnection</class>
      <method>init</method>
      <line>35</line>
    </frame>
    <frame>
      <class>se.sics.tac.aw.TACAgent</class>
      <method>connect</method>
      <line>394</line>
    </frame>
    <frame>
      <class>se.sics.tac.aw.TACAgent</class>
      <method>&lt;init&gt;</method>
      <line>341</line>
    </frame>
    <frame>
      <class>se.sics.tac.aw.TACAgent</class>
      <method>main</method>
      <line>2176</line>
    </frame>
    <frame>
      <class>se.sics.tac.aw.Pascal</class>
      <method>main</method>
      <line>453</line>
    </frame>
  </exception>
</record>
<record>
  <date>2016-02-25T13:56:18</date>
  <millis>1456404978799</millis>
  <sequence>26</sequence>
  <logger>se.sics.tac.aw.TACAgent</logger>
  <level>WARNING</level>
  <class>se.sics.tac.aw.TACAgent</class>
  <method>connect</method>
  <thread>1</thread>
  <message>could not connect to server romain-fontaine.xyz at port 6500 (will retry in 5 seconds)</message>
</record>
<record>
  <date>2016-02-25T13:56:23</date>
  <millis>1456404983813</millis>
  <sequence>27</sequence>
  <logger>se.sics.tac.aw.TACReader</logger>
  <level>FINE</level>
  <class>se.sics.tac.aw.TACReader</class>
  <method>doConnect</method>
  <thread>1</thread>
  <message>Connecting to server romain-fontaine.xyz:6500</message>
</record>
<record>
  <date>2016-02-25T13:56:23</date>
  <millis>1456404983814</millis>
  <sequence>28</sequence>
  <logger>se.sics.tac.aw.TACReader</logger>
  <level>SEVERE</level>
  <class>se.sics.tac.aw.TACReader</class>
  <method>doConnect</method>
  <thread>1</thread>
  <message>connection to server failed:</message>
  <exception>
    <message>java.net.UnknownHostException: romain-fontaine.xyz</message>
    <frame>
      <class>java.net.AbstractPlainSocketImpl</class>
      <method>connect</method>
    </frame>
    <frame>
      <class>java.net.PlainSocketImpl</class>
      <method>connect</method>
    </frame>
    <frame>
      <class>java.net.SocksSocketImpl</class>
      <method>connect</method>
    </frame>
    <frame>
      <class>java.net.Socket</class>
      <method>connect</method>
    </frame>
    <frame>
      <class>java.net.Socket</class>
      <method>connect</method>
    </frame>
    <frame>
      <class>java.net.Socket</class>
      <method>&lt;init&gt;</method>
    </frame>
    <frame>
      <class>java.net.Socket</class>
      <method>&lt;init&gt;</method>
    </frame>
    <frame>
      <class>se.sics.tac.aw.TACReader</class>
      <method>doConnect</method>
      <line>124</line>
    </frame>
    <frame>
      <class>se.sics.tac.aw.TACReader</class>
      <method>init</method>
      <line>49</line>
    </frame>
    <frame>
      <class>se.sics.tac.aw.TACConnection</class>
      <method>init</method>
      <line>35</line>
    </frame>
    <frame>
      <class>se.sics.tac.aw.TACAgent</class>
      <method>connect</method>
      <line>394</line>
    </frame>
    <frame>
      <class>se.sics.tac.aw.TACAgent</class>
      <method>&lt;init&gt;</method>
      <line>341</line>
    </frame>
    <frame>
      <class>se.sics.tac.aw.TACAgent</class>
      <method>main</method>
      <line>2176</line>
    </frame>
    <frame>
      <class>se.sics.tac.aw.Pascal</class>
      <method>main</method>
      <line>453</line>
    </frame>
  </exception>
</record>
<record>
  <date>2016-02-25T13:56:23</date>
  <millis>1456404983815</millis>
  <sequence>29</sequence>
  <logger>se.sics.tac.aw.TACAgent</logger>
  <level>WARNING</level>
  <class>se.sics.tac.aw.TACAgent</class>
  <method>connect</method>
  <thread>1</thread>
  <message>could not connect to server romain-fontaine.xyz at port 6500 (will retry in 5 seconds)</message>
</record>
